<?xml version="1.0" encoding="UTF-8"?>
<testsuite name="com.cvr.it.coderunner.CoderunnerApplicationTests" tests="1" skipped="0" failures="0" errors="0" timestamp="2020-04-20T12:24:51" hostname="krishnamohan-Latitude-7480" time="0.407">
  <properties/>
  <testcase name="contextLoads()" classname="com.cvr.it.coderunner.CoderunnerApplicationTests" time="0.407"/>
  <system-out><![CDATA[17:54:43,766 |-INFO in ch.qos.logback.classic.LoggerContext[default] - Could NOT find resource [logback-test.xml]
17:54:43,766 |-INFO in ch.qos.logback.classic.LoggerContext[default] - Could NOT find resource [logback.groovy]
17:54:43,766 |-INFO in ch.qos.logback.classic.LoggerContext[default] - Found resource [logback.xml] at [file:/home/krishnamohan/projects/major/codeRunner/build/resources/main/logback.xml]
17:54:43,868 |-INFO in ch.qos.logback.classic.joran.action.ConfigurationAction - debug attribute not set
17:54:43,873 |-INFO in ch.qos.logback.core.joran.util.ConfigurationWatchListUtil@25e58ace - Adding [jar:file:/home/krishnamohan/.gradle/caches/modules-2/files-2.1/org.springframework.boot/spring-boot/2.2.2.RELEASE/cc636f24a5ebbfb21f1c8c30ed9c3b13512c16ec/spring-boot-2.2.2.RELEASE.jar!/org/springframework/boot/logging/logback/defaults.xml] to configuration watch list.
17:54:43,873 |-INFO in ch.qos.logback.core.joran.spi.ConfigurationWatchList@32da6dc5 - URL [jar:file:/home/krishnamohan/.gradle/caches/modules-2/files-2.1/org.springframework.boot/spring-boot/2.2.2.RELEASE/cc636f24a5ebbfb21f1c8c30ed9c3b13512c16ec/spring-boot-2.2.2.RELEASE.jar!/org/springframework/boot/logging/logback/defaults.xml] is not of type file
17:54:43,876 |-INFO in ch.qos.logback.core.joran.action.ConversionRuleAction - registering conversion word clr with class [org.springframework.boot.logging.logback.ColorConverter]
17:54:43,877 |-INFO in ch.qos.logback.core.joran.action.ConversionRuleAction - registering conversion word wex with class [org.springframework.boot.logging.logback.WhitespaceThrowableProxyConverter]
17:54:43,877 |-INFO in ch.qos.logback.core.joran.action.ConversionRuleAction - registering conversion word wEx with class [org.springframework.boot.logging.logback.ExtendedWhitespaceThrowableProxyConverter]
17:54:43,881 |-INFO in ch.qos.logback.classic.joran.action.LoggerAction - Setting level of logger [org.apache.catalina.startup.DigesterFactory] to ERROR
17:54:43,881 |-INFO in ch.qos.logback.classic.joran.action.LoggerAction - Setting level of logger [org.apache.catalina.util.LifecycleBase] to ERROR
17:54:43,881 |-INFO in ch.qos.logback.classic.joran.action.LoggerAction - Setting level of logger [org.apache.coyote.http11.Http11NioProtocol] to WARN
17:54:43,881 |-INFO in ch.qos.logback.classic.joran.action.LoggerAction - Setting level of logger [org.apache.sshd.common.util.SecurityUtils] to WARN
17:54:43,881 |-INFO in ch.qos.logback.classic.joran.action.LoggerAction - Setting level of logger [org.apache.tomcat.util.net.NioSelectorPool] to WARN
17:54:43,882 |-INFO in ch.qos.logback.classic.joran.action.LoggerAction - Setting level of logger [org.eclipse.jetty.util.component.AbstractLifeCycle] to ERROR
17:54:43,882 |-INFO in ch.qos.logback.classic.joran.action.LoggerAction - Setting level of logger [org.hibernate.validator.internal.util.Version] to WARN
17:54:43,887 |-ERROR in ch.qos.logback.core.joran.spi.Interpreter@5:93 - no applicable action for [springProperty], current ElementPath  is [[configuration][springProperty]]
17:54:43,887 |-ERROR in ch.qos.logback.core.joran.spi.Interpreter@6:86 - no applicable action for [springProperty], current ElementPath  is [[configuration][springProperty]]
17:54:43,888 |-INFO in ch.qos.logback.core.joran.action.AppenderAction - About to instantiate appender of type [ch.qos.logback.core.ConsoleAppender]
17:54:43,891 |-INFO in ch.qos.logback.core.joran.action.AppenderAction - Naming appender as [console]
17:54:43,897 |-INFO in ch.qos.logback.core.joran.action.NestedComplexPropertyIA - Assuming default type [ch.qos.logback.classic.encoder.PatternLayoutEncoder] for [encoder] property
17:54:43,919 |-INFO in ch.qos.logback.core.joran.action.AppenderAction - About to instantiate appender of type [ch.qos.logback.core.rolling.RollingFileAppender]
17:54:43,923 |-INFO in ch.qos.logback.core.joran.action.AppenderAction - Naming appender as [file]
17:54:43,932 |-INFO in c.q.l.core.rolling.TimeBasedRollingPolicy@1907543008 - Will use gz compression
17:54:43,934 |-INFO in c.q.l.core.rolling.TimeBasedRollingPolicy@1907543008 - Will use the pattern logs/archive/code-runner.%d{yyyy-MM-dd-HH}.log for the active file
17:54:43,939 |-INFO in c.q.l.core.rolling.DefaultTimeBasedFileNamingAndTriggeringPolicy - The date pattern is 'yyyy-MM-dd-HH' from file name pattern 'logs/archive/code-runner.%d{yyyy-MM-dd-HH}.log.gz'.
17:54:43,939 |-INFO in c.q.l.core.rolling.DefaultTimeBasedFileNamingAndTriggeringPolicy - Roll-over at the top of every hour.
17:54:43,946 |-INFO in c.q.l.core.rolling.DefaultTimeBasedFileNamingAndTriggeringPolicy - Setting initial period to Mon Apr 20 17:38:13 IST 2020
17:54:43,947 |-INFO in ch.qos.logback.core.joran.action.NestedComplexPropertyIA - Assuming default type [ch.qos.logback.classic.encoder.PatternLayoutEncoder] for [encoder] property
17:54:43,951 |-INFO in ch.qos.logback.core.rolling.RollingFileAppender[file] - Active log file name: logs/code-runner.log
17:54:43,951 |-INFO in ch.qos.logback.core.rolling.RollingFileAppender[file] - File property is set to [logs/code-runner.log]
17:54:43,952 |-INFO in ch.qos.logback.classic.joran.action.LoggerAction - Setting level of logger [org.reflections.Reflections] to WARN
17:54:43,952 |-INFO in ch.qos.logback.classic.joran.action.RootLoggerAction - Setting level of ROOT logger to DEBUG
17:54:43,952 |-INFO in ch.qos.logback.core.joran.action.AppenderRefAction - Attaching appender named [file] to Logger[ROOT]
17:54:43,953 |-INFO in ch.qos.logback.core.joran.action.AppenderRefAction - Attaching appender named [console] to Logger[ROOT]
17:54:43,953 |-INFO in ch.qos.logback.classic.joran.action.ConfigurationAction - End of configuration.
17:54:43,953 |-INFO in ch.qos.logback.classic.joran.JoranConfigurator@40a89eca - Registering current configuration as safe fallback point

2020-04-20 17:54:43.972 DEBUG   --- [    Test worker] o.s.test.context.BootstrapUtils          : Instantiating CacheAwareContextLoaderDelegate from class [org.springframework.test.context.cache.DefaultCacheAwareContextLoaderDelegate]
2020-04-20 17:54:43.994 DEBUG   --- [    Test worker] o.s.test.context.BootstrapUtils          : Instantiating BootstrapContext using constructor [public org.springframework.test.context.support.DefaultBootstrapContext(java.lang.Class,org.springframework.test.context.CacheAwareContextLoaderDelegate)]
2020-04-20 17:54:44.030 DEBUG   --- [    Test worker] o.s.test.context.BootstrapUtils          : Instantiating TestContextBootstrapper for test class [com.cvr.it.coderunner.CoderunnerApplicationTests] from class [org.springframework.boot.test.context.SpringBootTestContextBootstrapper]
2020-04-20 17:54:44.054  INFO   --- [    Test worker] .b.t.c.SpringBootTestContextBootstrapper : Neither @ContextConfiguration nor @ContextHierarchy found for test class [com.cvr.it.coderunner.CoderunnerApplicationTests], using SpringBootContextLoader
2020-04-20 17:54:44.061 DEBUG   --- [    Test worker] o.s.t.c.support.AbstractContextLoader    : Did not detect default resource location for test class [com.cvr.it.coderunner.CoderunnerApplicationTests]: class path resource [com/cvr/it/coderunner/CoderunnerApplicationTests-context.xml] does not exist
2020-04-20 17:54:44.062 DEBUG   --- [    Test worker] o.s.t.c.support.AbstractContextLoader    : Did not detect default resource location for test class [com.cvr.it.coderunner.CoderunnerApplicationTests]: class path resource [com/cvr/it/coderunner/CoderunnerApplicationTestsContext.groovy] does not exist
2020-04-20 17:54:44.063  INFO   --- [    Test worker] o.s.t.c.support.AbstractContextLoader    : Could not detect default resource locations for test class [com.cvr.it.coderunner.CoderunnerApplicationTests]: no resource found for suffixes {-context.xml, Context.groovy}.
2020-04-20 17:54:44.065  INFO   --- [    Test worker] t.c.s.AnnotationConfigContextLoaderUtils : Could not detect default configuration classes for test class [com.cvr.it.coderunner.CoderunnerApplicationTests]: CoderunnerApplicationTests does not declare any static, non-private, non-final, nested classes annotated with @Configuration.
2020-04-20 17:54:44.123 DEBUG   --- [    Test worker] o.s.t.c.support.ActiveProfilesUtils      : Could not find an 'annotation declaring class' for annotation type [org.springframework.test.context.ActiveProfiles] and class [com.cvr.it.coderunner.CoderunnerApplicationTests]
2020-04-20 17:54:44.211 DEBUG   --- [    Test worker] ssPathScanningCandidateComponentProvider : Identified candidate component class: file [/home/krishnamohan/projects/major/codeRunner/build/classes/java/main/com/cvr/it/coderunner/CoderunnerApplication.class]
2020-04-20 17:54:44.213  INFO   --- [    Test worker] .b.t.c.SpringBootTestContextBootstrapper : Found @SpringBootConfiguration com.cvr.it.coderunner.CoderunnerApplication for test class com.cvr.it.coderunner.CoderunnerApplicationTests
2020-04-20 17:54:44.397 DEBUG   --- [    Test worker] .b.t.c.SpringBootTestContextBootstrapper : @TestExecutionListeners is not present for class [com.cvr.it.coderunner.CoderunnerApplicationTests]: using defaults.
2020-04-20 17:54:44.398  INFO   --- [    Test worker] .b.t.c.SpringBootTestContextBootstrapper : Loaded default TestExecutionListener class names from location [META-INF/spring.factories]: [org.springframework.test.context.web.ServletTestExecutionListener, org.springframework.test.context.support.DirtiesContextBeforeModesTestExecutionListener, org.springframework.test.context.support.DependencyInjectionTestExecutionListener, org.springframework.test.context.support.DirtiesContextTestExecutionListener, org.springframework.test.context.transaction.TransactionalTestExecutionListener, org.springframework.test.context.jdbc.SqlScriptsTestExecutionListener, org.springframework.test.context.event.EventPublishingTestExecutionListener, org.springframework.boot.test.autoconfigure.restdocs.RestDocsTestExecutionListener, org.springframework.boot.test.autoconfigure.web.client.MockRestServiceServerResetTestExecutionListener, org.springframework.boot.test.autoconfigure.web.servlet.MockMvcPrintOnlyOnFailureTestExecutionListener, org.springframework.boot.test.autoconfigure.web.servlet.WebDriverTestExecutionListener, org.springframework.boot.test.mock.mockito.MockitoTestExecutionListener, org.springframework.boot.test.mock.mockito.ResetMocksTestExecutionListener]
2020-04-20 17:54:44.408 DEBUG   --- [    Test worker] .b.t.c.SpringBootTestContextBootstrapper : Skipping candidate TestExecutionListener [org.springframework.test.context.transaction.TransactionalTestExecutionListener] due to a missing dependency. Specify custom listener classes or make the default listener classes and their required dependencies available. Offending class: [org/springframework/transaction/TransactionDefinition]
2020-04-20 17:54:44.409 DEBUG   --- [    Test worker] .b.t.c.SpringBootTestContextBootstrapper : Skipping candidate TestExecutionListener [org.springframework.test.context.jdbc.SqlScriptsTestExecutionListener] due to a missing dependency. Specify custom listener classes or make the default listener classes and their required dependencies available. Offending class: [org/springframework/transaction/interceptor/TransactionAttribute]
2020-04-20 17:54:44.411  INFO   --- [    Test worker] .b.t.c.SpringBootTestContextBootstrapper : Using TestExecutionListeners: [org.springframework.test.context.web.ServletTestExecutionListener@1b7bc091, org.springframework.test.context.support.DirtiesContextBeforeModesTestExecutionListener@5add2430, org.springframework.boot.test.mock.mockito.MockitoTestExecutionListener@6002c98f, org.springframework.boot.test.autoconfigure.SpringBootDependencyInjectionTestExecutionListener@2fdde001, org.springframework.test.context.support.DirtiesContextTestExecutionListener@6ae7c223, org.springframework.test.context.event.EventPublishingTestExecutionListener@59a887eb, org.springframework.boot.test.autoconfigure.restdocs.RestDocsTestExecutionListener@2f9073e0, org.springframework.boot.test.autoconfigure.web.client.MockRestServiceServerResetTestExecutionListener@6f0d43fb, org.springframework.boot.test.autoconfigure.web.servlet.MockMvcPrintOnlyOnFailureTestExecutionListener@3b2f62e3, org.springframework.boot.test.autoconfigure.web.servlet.WebDriverTestExecutionListener@26a53db2, org.springframework.boot.test.mock.mockito.ResetMocksTestExecutionListener@a0655f5]
2020-04-20 17:54:44.417 DEBUG   --- [    Test worker] tractDirtiesContextTestExecutionListener : Before test class: context [DefaultTestContext@21b0cd54 testClass = CoderunnerApplicationTests, testInstance = [null], testMethod = [null], testException = [null], mergedContextConfiguration = [WebMergedContextConfiguration@bf5bbcf testClass = CoderunnerApplicationTests, locations = '{}', classes = '{class com.cvr.it.coderunner.CoderunnerApplication}', contextInitializerClasses = '[]', activeProfiles = '{}', propertySourceLocations = '{}', propertySourceProperties = '{org.springframework.boot.test.context.SpringBootTestContextBootstrapper=true}', contextCustomizers = set[org.springframework.boot.test.autoconfigure.properties.PropertyMappingContextCustomizer@0, org.springframework.boot.test.autoconfigure.web.servlet.WebDriverContextCustomizerFactory$Customizer@21d8a50c, org.springframework.boot.test.context.filter.ExcludeFilterContextCustomizer@17b525ab, org.springframework.boot.test.json.DuplicateJsonObjectContextCustomizerFactory$DuplicateJsonObjectContextCustomizer@6674aceb, org.springframework.boot.test.mock.mockito.MockitoContextCustomizer@0, org.springframework.boot.test.web.client.TestRestTemplateContextCustomizer@5fef38df, org.springframework.boot.test.web.reactive.server.WebTestClientContextCustomizer@68ebffcb], resourceBasePath = 'src/main/webapp', contextLoader = 'org.springframework.boot.test.context.SpringBootContextLoader', parent = [null]], attributes = map['org.springframework.test.context.web.ServletTestExecutionListener.activateListener' -> true]], class annotated with @DirtiesContext [false] with mode [null].
2020-04-20 17:54:44.458 DEBUG   --- [    Test worker] o.s.t.c.support.TestPropertySourceUtils  : Adding inlined properties to environment: {spring.jmx.enabled=false, org.springframework.boot.test.context.SpringBootTestContextBootstrapper=true, server.port=-1}
2020-04-20 17:54:44.978 DEBUG 24034 --- [    Test worker] .c.l.ClasspathLoggingApplicationListener : Application started with classpath: unknown

  .   ____          _            __ _ _
 /\\ / ___'_ __ _ _(_)_ __  __ _ \ \ \ \
( ( )\___ | '_ | '_| | '_ \/ _` | \ \ \ \
 \\/  ___)| |_)| | | | | || (_| |  ) ) ) )
  '  |____| .__|_| |_|_| |_\__, | / / / /
 =========|_|==============|___/=/_/_/_/
 :: Spring Boot ::        (v2.2.2.RELEASE)

2020-04-20 17:54:45.169  WARN 24034 --- [    Test worker] ory$DuplicateJsonObjectContextCustomizer : 

Found multiple occurrences of org.json.JSONObject on the class path:

	jar:file:/home/krishnamohan/.gradle/caches/modules-2/files-2.1/org.json/json/20190722/7bce7bacf0ab5e9f894d307a3de8b7f540064d5/json-20190722.jar!/org/json/JSONObject.class
	jar:file:/home/krishnamohan/.gradle/caches/modules-2/files-2.1/com.vaadin.external.google/android-json/0.0.20131108.vaadin1/fa26d351fe62a6a17f5cda1287c1c6110dec413f/android-json-0.0.20131108.vaadin1.jar!/org/json/JSONObject.class

You may wish to exclude one of them to ensure predictable runtime behavior

2020-04-20 17:54:45.195  INFO 24034 --- [    Test worker] c.c.i.c.CoderunnerApplicationTests       : Starting CoderunnerApplicationTests on krishnamohan-Latitude-7480 with PID 24034 (started by krishnamohan in /home/krishnamohan/projects/major/codeRunner)
2020-04-20 17:54:45.196 DEBUG 24034 --- [    Test worker] c.c.i.c.CoderunnerApplicationTests       : Running with Spring Boot v2.2.2.RELEASE, Spring v5.2.2.RELEASE
2020-04-20 17:54:45.198  INFO 24034 --- [    Test worker] c.c.i.c.CoderunnerApplicationTests       : No active profile set, falling back to default profiles: default
2020-04-20 17:54:45.198 DEBUG 24034 --- [    Test worker] o.s.boot.SpringApplication               : Loading source class com.cvr.it.coderunner.CoderunnerApplication
2020-04-20 17:54:45.249 DEBUG 24034 --- [    Test worker] o.s.b.c.c.ConfigFileApplicationListener  : Loaded config file 'file:/home/krishnamohan/projects/major/codeRunner/build/resources/main/application.yml' (classpath:/application.yml)
2020-04-20 17:54:45.251 DEBUG 24034 --- [    Test worker] o.s.w.c.s.GenericWebApplicationContext   : Refreshing org.springframework.web.context.support.GenericWebApplicationContext@32d8dce9
2020-04-20 17:54:45.281 DEBUG 24034 --- [    Test worker] o.s.b.f.s.DefaultListableBeanFactory     : Creating shared instance of singleton bean 'org.springframework.context.annotation.internalConfigurationAnnotationProcessor'
2020-04-20 17:54:45.322 DEBUG 24034 --- [    Test worker] o.s.b.f.s.DefaultListableBeanFactory     : Creating shared instance of singleton bean 'org.springframework.boot.autoconfigure.internalCachingMetadataReaderFactory'
2020-04-20 17:54:45.378 DEBUG 24034 --- [    Test worker] o.s.c.a.ClassPathBeanDefinitionScanner   : Identified candidate component class: file [/home/krishnamohan/projects/major/codeRunner/build/classes/java/main/com/cvr/it/coderunner/config/AmazonClientConfig.class]
2020-04-20 17:54:45.379 DEBUG 24034 --- [    Test worker] o.s.c.a.ClassPathBeanDefinitionScanner   : Identified candidate component class: file [/home/krishnamohan/projects/major/codeRunner/build/classes/java/main/com/cvr/it/coderunner/config/HackerEarthConfig.class]
2020-04-20 17:54:45.380 DEBUG 24034 --- [    Test worker] o.s.c.a.ClassPathBeanDefinitionScanner   : Identified candidate component class: file [/home/krishnamohan/projects/major/codeRunner/build/classes/java/main/com/cvr/it/coderunner/config/WebClientConfig.class]
2020-04-20 17:54:45.391 DEBUG 24034 --- [    Test worker] o.s.c.a.ClassPathBeanDefinitionScanner   : Identified candidate component class: file [/home/krishnamohan/projects/major/codeRunner/build/classes/java/main/com/cvr/it/coderunner/controller/CodeController.class]
2020-04-20 17:54:45.392 DEBUG 24034 --- [    Test worker] o.s.c.a.ClassPathBeanDefinitionScanner   : Identified candidate component class: file [/home/krishnamohan/projects/major/codeRunner/build/classes/java/main/com/cvr/it/coderunner/controller/ImageController.class]
2020-04-20 17:54:45.394 DEBUG 24034 --- [    Test worker] o.s.c.a.ClassPathBeanDefinitionScanner   : Identified candidate component class: file [/home/krishnamohan/projects/major/codeRunner/build/classes/java/main/com/cvr/it/coderunner/service/CodeService.class]
2020-04-20 17:54:45.395 DEBUG 24034 --- [    Test worker] o.s.c.a.ClassPathBeanDefinitionScanner   : Identified candidate component class: file [/home/krishnamohan/projects/major/codeRunner/build/classes/java/main/com/cvr/it/coderunner/service/HackerEarthService.class]
2020-04-20 17:54:45.396 DEBUG 24034 --- [    Test worker] o.s.c.a.ClassPathBeanDefinitionScanner   : Identified candidate component class: file [/home/krishnamohan/projects/major/codeRunner/build/classes/java/main/com/cvr/it/coderunner/service/ImageService.class]
2020-04-20 17:54:45.397 DEBUG 24034 --- [    Test worker] o.s.c.a.ClassPathBeanDefinitionScanner   : Identified candidate component class: file [/home/krishnamohan/projects/major/codeRunner/build/classes/java/main/com/cvr/it/coderunner/service/TerminalService.class]
2020-04-20 17:54:45.397 DEBUG 24034 --- [    Test worker] o.s.c.a.ClassPathBeanDefinitionScanner   : Identified candidate component class: file [/home/krishnamohan/projects/major/codeRunner/build/classes/java/main/com/cvr/it/coderunner/service/TextractService.class]
2020-04-20 17:54:45.398 DEBUG 24034 --- [    Test worker] o.s.c.a.ClassPathBeanDefinitionScanner   : Identified candidate component class: file [/home/krishnamohan/projects/major/codeRunner/build/classes/java/main/com/cvr/it/coderunner/service/VisionService.class]
2020-04-20 17:54:45.398 DEBUG 24034 --- [    Test worker] o.s.c.a.ClassPathBeanDefinitionScanner   : Identified candidate component class: file [/home/krishnamohan/projects/major/codeRunner/build/classes/java/main/com/cvr/it/coderunner/util/ChooseAction.class]
2020-04-20 17:54:45.449 DEBUG 24034 --- [    Test worker] o.s.c.a.ClassPathBeanDefinitionScanner   : Identified candidate component class: URL [jar:file:/home/krishnamohan/.gradle/caches/modules-2/files-2.1/io.springfox/springfox-swagger2/2.9.2/362676bc7f4c6f9f1d568741becab0dfc198c898/springfox-swagger2-2.9.2.jar!/springfox/documentation/swagger2/mappers/ServiceModelToSwagger2MapperImpl.class]
2020-04-20 17:54:45.450 DEBUG 24034 --- [    Test worker] o.s.c.a.ClassPathBeanDefinitionScanner   : Identified candidate component class: URL [jar:file:/home/krishnamohan/.gradle/caches/modules-2/files-2.1/io.springfox/springfox-swagger2/2.9.2/362676bc7f4c6f9f1d568741becab0dfc198c898/springfox-swagger2-2.9.2.jar!/springfox/documentation/swagger2/mappers/VendorExtensionsMapperImpl.class]
2020-04-20 17:54:45.459 DEBUG 24034 --- [    Test worker] o.s.c.a.ClassPathBeanDefinitionScanner   : Identified candidate component class: URL [jar:file:/home/krishnamohan/.gradle/caches/modules-2/files-2.1/io.springfox/springfox-swagger2/2.9.2/362676bc7f4c6f9f1d568741becab0dfc198c898/springfox-swagger2-2.9.2.jar!/springfox/documentation/swagger2/mappers/ParameterMapperImpl.class]
2020-04-20 17:54:45.463 DEBUG 24034 --- [    Test worker] o.s.c.a.ClassPathBeanDefinitionScanner   : Identified candidate component class: URL [jar:file:/home/krishnamohan/.gradle/caches/modules-2/files-2.1/io.springfox/springfox-swagger2/2.9.2/362676bc7f4c6f9f1d568741becab0dfc198c898/springfox-swagger2-2.9.2.jar!/springfox/documentation/swagger2/mappers/ModelMapperImpl.class]
2020-04-20 17:54:45.465 DEBUG 24034 --- [    Test worker] o.s.c.a.ClassPathBeanDefinitionScanner   : Identified candidate component class: URL [jar:file:/home/krishnamohan/.gradle/caches/modules-2/files-2.1/io.springfox/springfox-swagger2/2.9.2/362676bc7f4c6f9f1d568741becab0dfc198c898/springfox-swagger2-2.9.2.jar!/springfox/documentation/swagger2/mappers/LicenseMapperImpl.class]
2020-04-20 17:54:45.468 DEBUG 24034 --- [    Test worker] o.s.c.a.ClassPathBeanDefinitionScanner   : Identified candidate component class: URL [jar:file:/home/krishnamohan/.gradle/caches/modules-2/files-2.1/io.springfox/springfox-swagger2/2.9.2/362676bc7f4c6f9f1d568741becab0dfc198c898/springfox-swagger2-2.9.2.jar!/springfox/documentation/swagger2/mappers/SecurityMapperImpl.class]
2020-04-20 17:54:45.495 DEBUG 24034 --- [    Test worker] o.s.c.a.ClassPathBeanDefinitionScanner   : Identified candidate component class: URL [jar:file:/home/krishnamohan/.gradle/caches/modules-2/files-2.1/io.springfox/springfox-spring-web/2.9.2/ed2ed714a6cba8804d00f80f0534901e4c7a3211/springfox-spring-web-2.9.2.jar!/springfox/documentation/spring/web/scanners/ApiListingReferenceScanner.class]
2020-04-20 17:54:45.497 DEBUG 24034 --- [    Test worker] o.s.c.a.ClassPathBeanDefinitionScanner   : Identified candidate component class: URL [jar:file:/home/krishnamohan/.gradle/caches/modules-2/files-2.1/io.springfox/springfox-spring-web/2.9.2/ed2ed714a6cba8804d00f80f0534901e4c7a3211/springfox-spring-web-2.9.2.jar!/springfox/documentation/spring/web/scanners/ApiDocumentationScanner.class]
2020-04-20 17:54:45.498 DEBUG 24034 --- [    Test worker] o.s.c.a.ClassPathBeanDefinitionScanner   : Identified candidate component class: URL [jar:file:/home/krishnamohan/.gradle/caches/modules-2/files-2.1/io.springfox/springfox-spring-web/2.9.2/ed2ed714a6cba8804d00f80f0534901e4c7a3211/springfox-spring-web-2.9.2.jar!/springfox/documentation/spring/web/scanners/ApiDescriptionReader.class]
2020-04-20 17:54:45.499 DEBUG 24034 --- [    Test worker] o.s.c.a.ClassPathBeanDefinitionScanner   : Identified candidate component class: URL [jar:file:/home/krishnamohan/.gradle/caches/modules-2/files-2.1/io.springfox/springfox-spring-web/2.9.2/ed2ed714a6cba8804d00f80f0534901e4c7a3211/springfox-spring-web-2.9.2.jar!/springfox/documentation/spring/web/scanners/ApiListingReader.class]
2020-04-20 17:54:45.501 DEBUG 24034 --- [    Test worker] o.s.c.a.ClassPathBeanDefinitionScanner   : Identified candidate component class: URL [jar:file:/home/krishnamohan/.gradle/caches/modules-2/files-2.1/io.springfox/springfox-spring-web/2.9.2/ed2ed714a6cba8804d00f80f0534901e4c7a3211/springfox-spring-web-2.9.2.jar!/springfox/documentation/spring/web/scanners/CachingOperationReader.class]
2020-04-20 17:54:45.502 DEBUG 24034 --- [    Test worker] o.s.c.a.ClassPathBeanDefinitionScanner   : Identified candidate component class: URL [jar:file:/home/krishnamohan/.gradle/caches/modules-2/files-2.1/io.springfox/springfox-spring-web/2.9.2/ed2ed714a6cba8804d00f80f0534901e4c7a3211/springfox-spring-web-2.9.2.jar!/springfox/documentation/spring/web/scanners/MediaTypeReader.class]
2020-04-20 17:54:45.503 DEBUG 24034 --- [    Test worker] o.s.c.a.ClassPathBeanDefinitionScanner   : Identified candidate component class: URL [jar:file:/home/krishnamohan/.gradle/caches/modules-2/files-2.1/io.springfox/springfox-spring-web/2.9.2/ed2ed714a6cba8804d00f80f0534901e4c7a3211/springfox-spring-web-2.9.2.jar!/springfox/documentation/spring/web/scanners/ApiListingScanner.class]
2020-04-20 17:54:45.504 DEBUG 24034 --- [    Test worker] o.s.c.a.ClassPathBeanDefinitionScanner   : Identified candidate component class: URL [jar:file:/home/krishnamohan/.gradle/caches/modules-2/files-2.1/io.springfox/springfox-spring-web/2.9.2/ed2ed714a6cba8804d00f80f0534901e4c7a3211/springfox-spring-web-2.9.2.jar!/springfox/documentation/spring/web/scanners/ApiModelReader.class]
2020-04-20 17:54:45.506 DEBUG 24034 --- [    Test worker] o.s.c.a.ClassPathBeanDefinitionScanner   : Identified candidate component class: URL [jar:file:/home/krishnamohan/.gradle/caches/modules-2/files-2.1/io.springfox/springfox-spring-web/2.9.2/ed2ed714a6cba8804d00f80f0534901e4c7a3211/springfox-spring-web-2.9.2.jar!/springfox/documentation/spring/web/scanners/ApiDescriptionLookup.class]
2020-04-20 17:54:45.512 DEBUG 24034 --- [    Test worker] o.s.c.a.ClassPathBeanDefinitionScanner   : Identified candidate component class: URL [jar:file:/home/krishnamohan/.gradle/caches/modules-2/files-2.1/io.springfox/springfox-spring-web/2.9.2/ed2ed714a6cba8804d00f80f0534901e4c7a3211/springfox-spring-web-2.9.2.jar!/springfox/documentation/spring/web/readers/operation/OperationModelsProvider.class]
2020-04-20 17:54:45.513 DEBUG 24034 --- [    Test worker] o.s.c.a.ClassPathBeanDefinitionScanner   : Identified candidate component class: URL [jar:file:/home/krishnamohan/.gradle/caches/modules-2/files-2.1/io.springfox/springfox-spring-web/2.9.2/ed2ed714a6cba8804d00f80f0534901e4c7a3211/springfox-spring-web-2.9.2.jar!/springfox/documentation/spring/web/readers/operation/OperationDeprecatedReader.class]
2020-04-20 17:54:45.514 DEBUG 24034 --- [    Test worker] o.s.c.a.ClassPathBeanDefinitionScanner   : Identified candidate component class: URL [jar:file:/home/krishnamohan/.gradle/caches/modules-2/files-2.1/io.springfox/springfox-spring-web/2.9.2/ed2ed714a6cba8804d00f80f0534901e4c7a3211/springfox-spring-web-2.9.2.jar!/springfox/documentation/spring/web/readers/operation/ResponseMessagesReader.class]
2020-04-20 17:54:45.516 DEBUG 24034 --- [    Test worker] o.s.c.a.ClassPathBeanDefinitionScanner   : Identified candidate component class: URL [jar:file:/home/krishnamohan/.gradle/caches/modules-2/files-2.1/io.springfox/springfox-spring-web/2.9.2/ed2ed714a6cba8804d00f80f0534901e4c7a3211/springfox-spring-web-2.9.2.jar!/springfox/documentation/spring/web/readers/operation/OperationParameterReader.class]
2020-04-20 17:54:45.516 DEBUG 24034 --- [    Test worker] o.s.c.a.ClassPathBeanDefinitionScanner   : Identified candidate component class: URL [jar:file:/home/krishnamohan/.gradle/caches/modules-2/files-2.1/io.springfox/springfox-spring-web/2.9.2/ed2ed714a6cba8804d00f80f0534901e4c7a3211/springfox-spring-web-2.9.2.jar!/springfox/documentation/spring/web/readers/operation/DefaultTagsProvider.class]
2020-04-20 17:54:45.518 DEBUG 24034 --- [    Test worker] o.s.c.a.ClassPathBeanDefinitionScanner   : Identified candidate component class: URL [jar:file:/home/krishnamohan/.gradle/caches/modules-2/files-2.1/io.springfox/springfox-spring-web/2.9.2/ed2ed714a6cba8804d00f80f0534901e4c7a3211/springfox-spring-web-2.9.2.jar!/springfox/documentation/spring/web/readers/operation/OperationTagsReader.class]
2020-04-20 17:54:45.520 DEBUG 24034 --- [    Test worker] o.s.c.a.ClassPathBeanDefinitionScanner   : Identified candidate component class: URL [jar:file:/home/krishnamohan/.gradle/caches/modules-2/files-2.1/io.springfox/springfox-spring-web/2.9.2/ed2ed714a6cba8804d00f80f0534901e4c7a3211/springfox-spring-web-2.9.2.jar!/springfox/documentation/spring/web/readers/operation/ApiOperationReader.class]
2020-04-20 17:54:45.522 DEBUG 24034 --- [    Test worker] o.s.c.a.ClassPathBeanDefinitionScanner   : Identified candidate component class: URL [jar:file:/home/krishnamohan/.gradle/caches/modules-2/files-2.1/io.springfox/springfox-spring-web/2.9.2/ed2ed714a6cba8804d00f80f0534901e4c7a3211/springfox-spring-web-2.9.2.jar!/springfox/documentation/spring/web/readers/operation/DefaultOperationReader.class]
2020-04-20 17:54:45.524 DEBUG 24034 --- [    Test worker] o.s.c.a.ClassPathBeanDefinitionScanner   : Identified candidate component class: URL [jar:file:/home/krishnamohan/.gradle/caches/modules-2/files-2.1/io.springfox/springfox-spring-web/2.9.2/ed2ed714a6cba8804d00f80f0534901e4c7a3211/springfox-spring-web-2.9.2.jar!/springfox/documentation/spring/web/readers/operation/OperationParameterRequestConditionReader.class]
2020-04-20 17:54:45.526 DEBUG 24034 --- [    Test worker] o.s.c.a.ClassPathBeanDefinitionScanner   : Identified candidate component class: URL [jar:file:/home/krishnamohan/.gradle/caches/modules-2/files-2.1/io.springfox/springfox-spring-web/2.9.2/ed2ed714a6cba8804d00f80f0534901e4c7a3211/springfox-spring-web-2.9.2.jar!/springfox/documentation/spring/web/readers/operation/OperationParameterHeadersConditionReader.class]
2020-04-20 17:54:45.528 DEBUG 24034 --- [    Test worker] o.s.c.a.ClassPathBeanDefinitionScanner   : Identified candidate component class: URL [jar:file:/home/krishnamohan/.gradle/caches/modules-2/files-2.1/io.springfox/springfox-spring-web/2.9.2/ed2ed714a6cba8804d00f80f0534901e4c7a3211/springfox-spring-web-2.9.2.jar!/springfox/documentation/spring/web/readers/operation/OperationResponseClassReader.class]
2020-04-20 17:54:45.529 DEBUG 24034 --- [    Test worker] o.s.c.a.ClassPathBeanDefinitionScanner   : Identified candidate component class: URL [jar:file:/home/krishnamohan/.gradle/caches/modules-2/files-2.1/io.springfox/springfox-spring-web/2.9.2/ed2ed714a6cba8804d00f80f0534901e4c7a3211/springfox-spring-web-2.9.2.jar!/springfox/documentation/spring/web/readers/operation/CachingOperationNameGenerator.class]
2020-04-20 17:54:45.535 DEBUG 24034 --- [    Test worker] o.s.c.a.ClassPathBeanDefinitionScanner   : Identified candidate component class: URL [jar:file:/home/krishnamohan/.gradle/caches/modules-2/files-2.1/io.springfox/springfox-spring-web/2.9.2/ed2ed714a6cba8804d00f80f0534901e4c7a3211/springfox-spring-web-2.9.2.jar!/springfox/documentation/spring/web/readers/parameter/ParameterMultiplesReader.class]
2020-04-20 17:54:45.539 DEBUG 24034 --- [    Test worker] o.s.c.a.ClassPathBeanDefinitionScanner   : Identified candidate component class: URL [jar:file:/home/krishnamohan/.gradle/caches/modules-2/files-2.1/io.springfox/springfox-spring-web/2.9.2/ed2ed714a6cba8804d00f80f0534901e4c7a3211/springfox-spring-web-2.9.2.jar!/springfox/documentation/spring/web/readers/parameter/ModelAttributeParameterExpander.class]
2020-04-20 17:54:45.541 DEBUG 24034 --- [    Test worker] o.s.c.a.ClassPathBeanDefinitionScanner   : Identified candidate component class: URL [jar:file:/home/krishnamohan/.gradle/caches/modules-2/files-2.1/io.springfox/springfox-spring-web/2.9.2/ed2ed714a6cba8804d00f80f0534901e4c7a3211/springfox-spring-web-2.9.2.jar!/springfox/documentation/spring/web/readers/parameter/ParameterTypeReader.class]
2020-04-20 17:54:45.543 DEBUG 24034 --- [    Test worker] o.s.c.a.ClassPathBeanDefinitionScanner   : Identified candidate component class: URL [jar:file:/home/krishnamohan/.gradle/caches/modules-2/files-2.1/io.springfox/springfox-spring-web/2.9.2/ed2ed714a6cba8804d00f80f0534901e4c7a3211/springfox-spring-web-2.9.2.jar!/springfox/documentation/spring/web/readers/parameter/ParameterRequiredReader.class]
2020-04-20 17:54:45.546 DEBUG 24034 --- [    Test worker] o.s.c.a.ClassPathBeanDefinitionScanner   : Identified candidate component class: URL [jar:file:/home/krishnamohan/.gradle/caches/modules-2/files-2.1/io.springfox/springfox-spring-web/2.9.2/ed2ed714a6cba8804d00f80f0534901e4c7a3211/springfox-spring-web-2.9.2.jar!/springfox/documentation/spring/web/readers/parameter/ParameterDataTypeReader.class]
2020-04-20 17:54:45.547 DEBUG 24034 --- [    Test worker] o.s.c.a.ClassPathBeanDefinitionScanner   : Identified candidate component class: URL [jar:file:/home/krishnamohan/.gradle/caches/modules-2/files-2.1/io.springfox/springfox-spring-web/2.9.2/ed2ed714a6cba8804d00f80f0534901e4c7a3211/springfox-spring-web-2.9.2.jar!/springfox/documentation/spring/web/readers/parameter/ParameterDefaultReader.class]
2020-04-20 17:54:45.550 DEBUG 24034 --- [    Test worker] o.s.c.a.ClassPathBeanDefinitionScanner   : Identified candidate component class: URL [jar:file:/home/krishnamohan/.gradle/caches/modules-2/files-2.1/io.springfox/springfox-spring-web/2.9.2/ed2ed714a6cba8804d00f80f0534901e4c7a3211/springfox-spring-web-2.9.2.jar!/springfox/documentation/spring/web/readers/parameter/ParameterNameReader.class]
2020-04-20 17:54:45.552 DEBUG 24034 --- [    Test worker] o.s.c.a.ClassPathBeanDefinitionScanner   : Identified candidate component class: URL [jar:file:/home/krishnamohan/.gradle/caches/modules-2/files-2.1/io.springfox/springfox-spring-web/2.9.2/ed2ed714a6cba8804d00f80f0534901e4c7a3211/springfox-spring-web-2.9.2.jar!/springfox/documentation/spring/web/readers/parameter/ExpandedParameterBuilder.class]
2020-04-20 17:54:45.561 DEBUG 24034 --- [    Test worker] o.s.c.a.ClassPathBeanDefinitionScanner   : Identified candidate component class: URL [jar:file:/home/krishnamohan/.gradle/caches/modules-2/files-2.1/io.springfox/springfox-spring-web/2.9.2/ed2ed714a6cba8804d00f80f0534901e4c7a3211/springfox-spring-web-2.9.2.jar!/springfox/documentation/spring/web/plugins/DocumentationPluginsBootstrapper.class]
2020-04-20 17:54:45.565 DEBUG 24034 --- [    Test worker] o.s.c.a.ClassPathBeanDefinitionScanner   : Identified candidate component class: URL [jar:file:/home/krishnamohan/.gradle/caches/modules-2/files-2.1/io.springfox/springfox-spring-web/2.9.2/ed2ed714a6cba8804d00f80f0534901e4c7a3211/springfox-spring-web-2.9.2.jar!/springfox/documentation/spring/web/plugins/WebMvcRequestHandlerProvider.class]
2020-04-20 17:54:45.566 DEBUG 24034 --- [    Test worker] o.s.c.a.ClassPathBeanDefinitionScanner   : Identified candidate component class: URL [jar:file:/home/krishnamohan/.gradle/caches/modules-2/files-2.1/io.springfox/springfox-spring-web/2.9.2/ed2ed714a6cba8804d00f80f0534901e4c7a3211/springfox-spring-web-2.9.2.jar!/springfox/documentation/spring/web/plugins/DocumentationPluginsManager.class]
2020-04-20 17:54:45.570 DEBUG 24034 --- [    Test worker] o.s.c.a.ClassPathBeanDefinitionScanner   : Identified candidate component class: URL [jar:file:/home/krishnamohan/.gradle/caches/modules-2/files-2.1/io.springfox/springfox-spring-web/2.9.2/ed2ed714a6cba8804d00f80f0534901e4c7a3211/springfox-spring-web-2.9.2.jar!/springfox/documentation/spring/web/paths/QueryStringUriTemplateDecorator.class]
2020-04-20 17:54:45.572 DEBUG 24034 --- [    Test worker] o.s.c.a.ClassPathBeanDefinitionScanner   : Identified candidate component class: URL [jar:file:/home/krishnamohan/.gradle/caches/modules-2/files-2.1/io.springfox/springfox-spring-web/2.9.2/ed2ed714a6cba8804d00f80f0534901e4c7a3211/springfox-spring-web-2.9.2.jar!/springfox/documentation/spring/web/paths/PathMappingDecorator.class]
2020-04-20 17:54:45.572 DEBUG 24034 --- [    Test worker] o.s.c.a.ClassPathBeanDefinitionScanner   : Identified candidate component class: URL [jar:file:/home/krishnamohan/.gradle/caches/modules-2/files-2.1/io.springfox/springfox-spring-web/2.9.2/ed2ed714a6cba8804d00f80f0534901e4c7a3211/springfox-spring-web-2.9.2.jar!/springfox/documentation/spring/web/paths/PathSanitizer.class]
2020-04-20 17:54:45.575 DEBUG 24034 --- [    Test worker] o.s.c.a.ClassPathBeanDefinitionScanner   : Identified candidate component class: URL [jar:file:/home/krishnamohan/.gradle/caches/modules-2/files-2.1/io.springfox/springfox-spring-web/2.9.2/ed2ed714a6cba8804d00f80f0534901e4c7a3211/springfox-spring-web-2.9.2.jar!/springfox/documentation/spring/web/paths/OperationPathDecorator.class]
2020-04-20 17:54:45.619 DEBUG 24034 --- [    Test worker] o.s.c.a.ClassPathBeanDefinitionScanner   : Identified candidate component class: URL [jar:file:/home/krishnamohan/.gradle/caches/modules-2/files-2.1/io.springfox/springfox-schema/2.9.2/e268f38774b16bb51a92ccaef0dcf3dc651c0cee/springfox-schema-2.9.2.jar!/springfox/documentation/schema/CachingModelDependencyProvider.class]
2020-04-20 17:54:45.621 DEBUG 24034 --- [    Test worker] o.s.c.a.ClassPathBeanDefinitionScanner   : Identified candidate component class: URL [jar:file:/home/krishnamohan/.gradle/caches/modules-2/files-2.1/io.springfox/springfox-schema/2.9.2/e268f38774b16bb51a92ccaef0dcf3dc651c0cee/springfox-schema-2.9.2.jar!/springfox/documentation/schema/TypeNameExtractor.class]
2020-04-20 17:54:45.622 DEBUG 24034 --- [    Test worker] o.s.c.a.ClassPathBeanDefinitionScanner   : Identified candidate component class: URL [jar:file:/home/krishnamohan/.gradle/caches/modules-2/files-2.1/io.springfox/springfox-schema/2.9.2/e268f38774b16bb51a92ccaef0dcf3dc651c0cee/springfox-schema-2.9.2.jar!/springfox/documentation/schema/plugins/PropertyDiscriminatorBasedInheritancePlugin.class]
2020-04-20 17:54:45.624 DEBUG 24034 --- [    Test worker] o.s.c.a.ClassPathBeanDefinitionScanner   : Identified candidate component class: URL [jar:file:/home/krishnamohan/.gradle/caches/modules-2/files-2.1/io.springfox/springfox-schema/2.9.2/e268f38774b16bb51a92ccaef0dcf3dc651c0cee/springfox-schema-2.9.2.jar!/springfox/documentation/schema/plugins/XmlModelPlugin.class]
2020-04-20 17:54:45.625 DEBUG 24034 --- [    Test worker] o.s.c.a.ClassPathBeanDefinitionScanner   : Identified candidate component class: URL [jar:file:/home/krishnamohan/.gradle/caches/modules-2/files-2.1/io.springfox/springfox-schema/2.9.2/e268f38774b16bb51a92ccaef0dcf3dc651c0cee/springfox-schema-2.9.2.jar!/springfox/documentation/schema/plugins/SchemaPluginsManager.class]
2020-04-20 17:54:45.626 DEBUG 24034 --- [    Test worker] o.s.c.a.ClassPathBeanDefinitionScanner   : Identified candidate component class: URL [jar:file:/home/krishnamohan/.gradle/caches/modules-2/files-2.1/io.springfox/springfox-schema/2.9.2/e268f38774b16bb51a92ccaef0dcf3dc651c0cee/springfox-schema-2.9.2.jar!/springfox/documentation/schema/property/CachingModelPropertiesProvider.class]
2020-04-20 17:54:45.627 DEBUG 24034 --- [    Test worker] o.s.c.a.ClassPathBeanDefinitionScanner   : Identified candidate component class: URL [jar:file:/home/krishnamohan/.gradle/caches/modules-2/files-2.1/io.springfox/springfox-schema/2.9.2/e268f38774b16bb51a92ccaef0dcf3dc651c0cee/springfox-schema-2.9.2.jar!/springfox/documentation/schema/property/ObjectMapperBeanPropertyNamingStrategy.class]
2020-04-20 17:54:45.628 DEBUG 24034 --- [    Test worker] o.s.c.a.ClassPathBeanDefinitionScanner   : Identified candidate component class: URL [jar:file:/home/krishnamohan/.gradle/caches/modules-2/files-2.1/io.springfox/springfox-schema/2.9.2/e268f38774b16bb51a92ccaef0dcf3dc651c0cee/springfox-schema-2.9.2.jar!/springfox/documentation/schema/property/bean/AccessorsProvider.class]
2020-04-20 17:54:45.630 DEBUG 24034 --- [    Test worker] o.s.c.a.ClassPathBeanDefinitionScanner   : Identified candidate component class: URL [jar:file:/home/krishnamohan/.gradle/caches/modules-2/files-2.1/io.springfox/springfox-schema/2.9.2/e268f38774b16bb51a92ccaef0dcf3dc651c0cee/springfox-schema-2.9.2.jar!/springfox/documentation/schema/property/field/FieldProvider.class]
2020-04-20 17:54:45.633 DEBUG 24034 --- [    Test worker] o.s.c.a.ClassPathBeanDefinitionScanner   : Identified candidate component class: URL [jar:file:/home/krishnamohan/.gradle/caches/modules-2/files-2.1/io.springfox/springfox-schema/2.9.2/e268f38774b16bb51a92ccaef0dcf3dc651c0cee/springfox-schema-2.9.2.jar!/springfox/documentation/schema/property/XmlPropertyPlugin.class]
2020-04-20 17:54:45.634 DEBUG 24034 --- [    Test worker] o.s.c.a.ClassPathBeanDefinitionScanner   : Identified candidate component class: URL [jar:file:/home/krishnamohan/.gradle/caches/modules-2/files-2.1/io.springfox/springfox-schema/2.9.2/e268f38774b16bb51a92ccaef0dcf3dc651c0cee/springfox-schema-2.9.2.jar!/springfox/documentation/schema/property/OptimizedModelPropertiesProvider.class]
2020-04-20 17:54:45.635 DEBUG 24034 --- [    Test worker] o.s.c.a.ClassPathBeanDefinitionScanner   : Identified candidate component class: URL [jar:file:/home/krishnamohan/.gradle/caches/modules-2/files-2.1/io.springfox/springfox-schema/2.9.2/e268f38774b16bb51a92ccaef0dcf3dc651c0cee/springfox-schema-2.9.2.jar!/springfox/documentation/schema/property/FactoryMethodProvider.class]
2020-04-20 17:54:45.640 DEBUG 24034 --- [    Test worker] o.s.c.a.ClassPathBeanDefinitionScanner   : Identified candidate component class: URL [jar:file:/home/krishnamohan/.gradle/caches/modules-2/files-2.1/io.springfox/springfox-schema/2.9.2/e268f38774b16bb51a92ccaef0dcf3dc651c0cee/springfox-schema-2.9.2.jar!/springfox/documentation/schema/CachingModelProvider.class]
2020-04-20 17:54:45.641 DEBUG 24034 --- [    Test worker] o.s.c.a.ClassPathBeanDefinitionScanner   : Identified candidate component class: URL [jar:file:/home/krishnamohan/.gradle/caches/modules-2/files-2.1/io.springfox/springfox-schema/2.9.2/e268f38774b16bb51a92ccaef0dcf3dc651c0cee/springfox-schema-2.9.2.jar!/springfox/documentation/schema/DefaultModelDependencyProvider.class]
2020-04-20 17:54:45.642 DEBUG 24034 --- [    Test worker] o.s.c.a.ClassPathBeanDefinitionScanner   : Identified candidate component class: URL [jar:file:/home/krishnamohan/.gradle/caches/modules-2/files-2.1/io.springfox/springfox-schema/2.9.2/e268f38774b16bb51a92ccaef0dcf3dc651c0cee/springfox-schema-2.9.2.jar!/springfox/documentation/schema/JacksonEnumTypeDeterminer.class]
2020-04-20 17:54:45.643 DEBUG 24034 --- [    Test worker] o.s.c.a.ClassPathBeanDefinitionScanner   : Identified candidate component class: URL [jar:file:/home/krishnamohan/.gradle/caches/modules-2/files-2.1/io.springfox/springfox-schema/2.9.2/e268f38774b16bb51a92ccaef0dcf3dc651c0cee/springfox-schema-2.9.2.jar!/springfox/documentation/schema/DefaultModelProvider.class]
2020-04-20 17:54:45.673 DEBUG 24034 --- [    Test worker] o.s.c.a.ClassPathBeanDefinitionScanner   : Identified candidate component class: URL [jar:file:/home/krishnamohan/.gradle/caches/modules-2/files-2.1/io.springfox/springfox-swagger-common/2.9.2/b38a41b3044af80cb7f41f67be5d158c9f6491ec/springfox-swagger-common-2.9.2.jar!/springfox/documentation/swagger/schema/ApiModelPropertyPropertyBuilder.class]
2020-04-20 17:54:45.674 DEBUG 24034 --- [    Test worker] o.s.c.a.ClassPathBeanDefinitionScanner   : Identified candidate component class: URL [jar:file:/home/krishnamohan/.gradle/caches/modules-2/files-2.1/io.springfox/springfox-swagger-common/2.9.2/b38a41b3044af80cb7f41f67be5d158c9f6491ec/springfox-swagger-common-2.9.2.jar!/springfox/documentation/swagger/schema/ApiModelTypeNameProvider.class]
2020-04-20 17:54:45.675 DEBUG 24034 --- [    Test worker] o.s.c.a.ClassPathBeanDefinitionScanner   : Identified candidate component class: URL [jar:file:/home/krishnamohan/.gradle/caches/modules-2/files-2.1/io.springfox/springfox-swagger-common/2.9.2/b38a41b3044af80cb7f41f67be5d158c9f6491ec/springfox-swagger-common-2.9.2.jar!/springfox/documentation/swagger/schema/ApiModelBuilder.class]
2020-04-20 17:54:45.680 DEBUG 24034 --- [    Test worker] o.s.c.a.ClassPathBeanDefinitionScanner   : Identified candidate component class: URL [jar:file:/home/krishnamohan/.gradle/caches/modules-2/files-2.1/io.springfox/springfox-swagger-common/2.9.2/b38a41b3044af80cb7f41f67be5d158c9f6491ec/springfox-swagger-common-2.9.2.jar!/springfox/documentation/swagger/readers/operation/OperationImplicitParameterReader.class]
2020-04-20 17:54:45.681 DEBUG 24034 --- [    Test worker] o.s.c.a.ClassPathBeanDefinitionScanner   : Identified candidate component class: URL [jar:file:/home/krishnamohan/.gradle/caches/modules-2/files-2.1/io.springfox/springfox-swagger-common/2.9.2/b38a41b3044af80cb7f41f67be5d158c9f6491ec/springfox-swagger-common-2.9.2.jar!/springfox/documentation/swagger/readers/operation/VendorExtensionsReader.class]
2020-04-20 17:54:45.682 DEBUG 24034 --- [    Test worker] o.s.c.a.ClassPathBeanDefinitionScanner   : Identified candidate component class: URL [jar:file:/home/krishnamohan/.gradle/caches/modules-2/files-2.1/io.springfox/springfox-swagger-common/2.9.2/b38a41b3044af80cb7f41f67be5d158c9f6491ec/springfox-swagger-common-2.9.2.jar!/springfox/documentation/swagger/readers/operation/SwaggerOperationResponseClassReader.class]
2020-04-20 17:54:45.683 DEBUG 24034 --- [    Test worker] o.s.c.a.ClassPathBeanDefinitionScanner   : Identified candidate component class: URL [jar:file:/home/krishnamohan/.gradle/caches/modules-2/files-2.1/io.springfox/springfox-swagger-common/2.9.2/b38a41b3044af80cb7f41f67be5d158c9f6491ec/springfox-swagger-common-2.9.2.jar!/springfox/documentation/swagger/readers/operation/SwaggerOperationModelsProvider.class]
2020-04-20 17:54:45.685 DEBUG 24034 --- [    Test worker] o.s.c.a.ClassPathBeanDefinitionScanner   : Identified candidate component class: URL [jar:file:/home/krishnamohan/.gradle/caches/modules-2/files-2.1/io.springfox/springfox-swagger-common/2.9.2/b38a41b3044af80cb7f41f67be5d158c9f6491ec/springfox-swagger-common-2.9.2.jar!/springfox/documentation/swagger/readers/operation/SwaggerMediaTypeReader.class]
2020-04-20 17:54:45.686 DEBUG 24034 --- [    Test worker] o.s.c.a.ClassPathBeanDefinitionScanner   : Identified candidate component class: URL [jar:file:/home/krishnamohan/.gradle/caches/modules-2/files-2.1/io.springfox/springfox-swagger-common/2.9.2/b38a41b3044af80cb7f41f67be5d158c9f6491ec/springfox-swagger-common-2.9.2.jar!/springfox/documentation/swagger/readers/operation/OperationHttpMethodReader.class]
2020-04-20 17:54:45.688 DEBUG 24034 --- [    Test worker] o.s.c.a.ClassPathBeanDefinitionScanner   : Identified candidate component class: URL [jar:file:/home/krishnamohan/.gradle/caches/modules-2/files-2.1/io.springfox/springfox-swagger-common/2.9.2/b38a41b3044af80cb7f41f67be5d158c9f6491ec/springfox-swagger-common-2.9.2.jar!/springfox/documentation/swagger/readers/operation/OperationImplicitParametersReader.class]
2020-04-20 17:54:45.689 DEBUG 24034 --- [    Test worker] o.s.c.a.ClassPathBeanDefinitionScanner   : Identified candidate component class: URL [jar:file:/home/krishnamohan/.gradle/caches/modules-2/files-2.1/io.springfox/springfox-swagger-common/2.9.2/b38a41b3044af80cb7f41f67be5d158c9f6491ec/springfox-swagger-common-2.9.2.jar!/springfox/documentation/swagger/readers/operation/OperationAuthReader.class]
2020-04-20 17:54:45.690 DEBUG 24034 --- [    Test worker] o.s.c.a.ClassPathBeanDefinitionScanner   : Identified candidate component class: URL [jar:file:/home/krishnamohan/.gradle/caches/modules-2/files-2.1/io.springfox/springfox-swagger-common/2.9.2/b38a41b3044af80cb7f41f67be5d158c9f6491ec/springfox-swagger-common-2.9.2.jar!/springfox/documentation/swagger/readers/operation/OperationHiddenReader.class]
2020-04-20 17:54:45.691 DEBUG 24034 --- [    Test worker] o.s.c.a.ClassPathBeanDefinitionScanner   : Identified candidate component class: URL [jar:file:/home/krishnamohan/.gradle/caches/modules-2/files-2.1/io.springfox/springfox-swagger-common/2.9.2/b38a41b3044af80cb7f41f67be5d158c9f6491ec/springfox-swagger-common-2.9.2.jar!/springfox/documentation/swagger/readers/operation/OperationSummaryReader.class]
2020-04-20 17:54:45.692 DEBUG 24034 --- [    Test worker] o.s.c.a.ClassPathBeanDefinitionScanner   : Identified candidate component class: URL [jar:file:/home/krishnamohan/.gradle/caches/modules-2/files-2.1/io.springfox/springfox-swagger-common/2.9.2/b38a41b3044af80cb7f41f67be5d158c9f6491ec/springfox-swagger-common-2.9.2.jar!/springfox/documentation/swagger/readers/operation/SwaggerResponseMessageReader.class]
2020-04-20 17:54:45.692 DEBUG 24034 --- [    Test worker] o.s.c.a.ClassPathBeanDefinitionScanner   : Identified candidate component class: URL [jar:file:/home/krishnamohan/.gradle/caches/modules-2/files-2.1/io.springfox/springfox-swagger-common/2.9.2/b38a41b3044af80cb7f41f67be5d158c9f6491ec/springfox-swagger-common-2.9.2.jar!/springfox/documentation/swagger/readers/operation/OperationNicknameIntoUniqueIdReader.class]
2020-04-20 17:54:45.693 DEBUG 24034 --- [    Test worker] o.s.c.a.ClassPathBeanDefinitionScanner   : Identified candidate component class: URL [jar:file:/home/krishnamohan/.gradle/caches/modules-2/files-2.1/io.springfox/springfox-swagger-common/2.9.2/b38a41b3044af80cb7f41f67be5d158c9f6491ec/springfox-swagger-common-2.9.2.jar!/springfox/documentation/swagger/readers/operation/OperationPositionReader.class]
2020-04-20 17:54:45.694 DEBUG 24034 --- [    Test worker] o.s.c.a.ClassPathBeanDefinitionScanner   : Identified candidate component class: URL [jar:file:/home/krishnamohan/.gradle/caches/modules-2/files-2.1/io.springfox/springfox-swagger-common/2.9.2/b38a41b3044af80cb7f41f67be5d158c9f6491ec/springfox-swagger-common-2.9.2.jar!/springfox/documentation/swagger/readers/operation/OperationNotesReader.class]
2020-04-20 17:54:45.695 DEBUG 24034 --- [    Test worker] o.s.c.a.ClassPathBeanDefinitionScanner   : Identified candidate component class: URL [jar:file:/home/krishnamohan/.gradle/caches/modules-2/files-2.1/io.springfox/springfox-swagger-common/2.9.2/b38a41b3044af80cb7f41f67be5d158c9f6491ec/springfox-swagger-common-2.9.2.jar!/springfox/documentation/swagger/readers/operation/SwaggerOperationTagsReader.class]
2020-04-20 17:54:45.696 DEBUG 24034 --- [    Test worker] o.s.c.a.ClassPathBeanDefinitionScanner   : Identified candidate component class: URL [jar:file:/home/krishnamohan/.gradle/caches/modules-2/files-2.1/io.springfox/springfox-swagger-common/2.9.2/b38a41b3044af80cb7f41f67be5d158c9f6491ec/springfox-swagger-common-2.9.2.jar!/springfox/documentation/swagger/readers/parameter/ApiParamParameterBuilder.class]
2020-04-20 17:54:45.696 DEBUG 24034 --- [    Test worker] o.s.c.a.ClassPathBeanDefinitionScanner   : Identified candidate component class: URL [jar:file:/home/krishnamohan/.gradle/caches/modules-2/files-2.1/io.springfox/springfox-swagger-common/2.9.2/b38a41b3044af80cb7f41f67be5d158c9f6491ec/springfox-swagger-common-2.9.2.jar!/springfox/documentation/swagger/readers/parameter/SwaggerExpandedParameterBuilder.class]
2020-04-20 17:54:45.708 DEBUG 24034 --- [    Test worker] o.s.c.a.ClassPathBeanDefinitionScanner   : Identified candidate component class: URL [jar:file:/home/krishnamohan/.gradle/caches/modules-2/files-2.1/io.springfox/springfox-swagger-common/2.9.2/b38a41b3044af80cb7f41f67be5d158c9f6491ec/springfox-swagger-common-2.9.2.jar!/springfox/documentation/swagger/web/SwaggerApiListingReader.class]
2020-04-20 17:54:45.711 DEBUG 24034 --- [    Test worker] o.s.c.a.ClassPathBeanDefinitionScanner   : Identified candidate component class: URL [jar:file:/home/krishnamohan/.gradle/caches/modules-2/files-2.1/io.springfox/springfox-swagger-common/2.9.2/b38a41b3044af80cb7f41f67be5d158c9f6491ec/springfox-swagger-common-2.9.2.jar!/springfox/documentation/swagger/web/ClassOrApiAnnotationResourceGrouping.class]
2020-04-20 17:54:45.712 DEBUG 24034 --- [    Test worker] o.s.c.a.ClassPathBeanDefinitionScanner   : Identified candidate component class: URL [jar:file:/home/krishnamohan/.gradle/caches/modules-2/files-2.1/io.springfox/springfox-swagger-common/2.9.2/b38a41b3044af80cb7f41f67be5d158c9f6491ec/springfox-swagger-common-2.9.2.jar!/springfox/documentation/swagger/web/InMemorySwaggerResourcesProvider.class]
2020-04-20 17:54:45.713 DEBUG 24034 --- [    Test worker] o.s.c.a.ClassPathBeanDefinitionScanner   : Identified candidate component class: URL [jar:file:/home/krishnamohan/.gradle/caches/modules-2/files-2.1/io.springfox/springfox-swagger-common/2.9.2/b38a41b3044af80cb7f41f67be5d158c9f6491ec/springfox-swagger-common-2.9.2.jar!/springfox/documentation/swagger/web/ApiResourceController.class]
2020-04-20 17:54:46.002 DEBUG 24034 --- [    Test worker] o.s.c.e.PropertySourcesPropertyResolver  : Found key 'spring.jmx.enabled' in PropertySource 'configurationProperties' with value of type String
2020-04-20 17:54:46.059 DEBUG 24034 --- [    Test worker] o.s.c.e.PropertySourcesPropertyResolver  : Found key 'spring.jmx.enabled' in PropertySource 'configurationProperties' with value of type String
2020-04-20 17:54:46.060 DEBUG 24034 --- [    Test worker] o.s.c.e.PropertySourcesPropertyResolver  : Found key 'spring.jmx.enabled' in PropertySource 'configurationProperties' with value of type String
2020-04-20 17:54:46.158 DEBUG 24034 --- [    Test worker] o.s.c.e.PropertySourcesPropertyResolver  : Found key 'server.port' in PropertySource 'configurationProperties' with value of type String
2020-04-20 17:54:46.159 DEBUG 24034 --- [    Test worker] o.s.c.e.PropertySourcesPropertyResolver  : Found key 'server.port' in PropertySource 'configurationProperties' with value of type String
2020-04-20 17:54:46.473 DEBUG 24034 --- [    Test worker] o.s.c.e.PropertySourcesPropertyResolver  : Found key 'server.port' in PropertySource 'configurationProperties' with value of type String
2020-04-20 17:54:46.579 DEBUG 24034 --- [    Test worker] o.s.b.f.s.DefaultListableBeanFactory     : Creating shared instance of singleton bean 'propertySourcesPlaceholderConfigurer'
2020-04-20 17:54:46.586 DEBUG 24034 --- [    Test worker] o.s.b.f.s.DefaultListableBeanFactory     : Creating shared instance of singleton bean 'org.springframework.boot.test.mock.mockito.MockitoPostProcessor'
2020-04-20 17:54:46.593 DEBUG 24034 --- [    Test worker] o.s.b.f.s.DefaultListableBeanFactory     : Creating shared instance of singleton bean 'org.springframework.boot.context.properties.ConfigurationPropertiesBeanDefinitionValidator'
2020-04-20 17:54:46.713 DEBUG 24034 --- [    Test worker] o.s.b.f.s.DefaultListableBeanFactory     : Creating shared instance of singleton bean 'org.springframework.context.event.internalEventListenerProcessor'
2020-04-20 17:54:46.714 DEBUG 24034 --- [    Test worker] o.s.b.f.s.DefaultListableBeanFactory     : Creating shared instance of singleton bean 'preserveErrorControllerTargetClassPostProcessor'
2020-04-20 17:54:46.716 DEBUG 24034 --- [    Test worker] o.s.b.f.s.DefaultListableBeanFactory     : Creating shared instance of singleton bean 'org.springframework.context.event.internalEventListenerFactory'
2020-04-20 17:54:46.720 DEBUG 24034 --- [    Test worker] o.s.b.f.s.DefaultListableBeanFactory     : Creating shared instance of singleton bean 'org.springframework.boot.test.mock.mockito.MockitoPostProcessor$SpyPostProcessor'
2020-04-20 17:54:46.721 DEBUG 24034 --- [    Test worker] o.s.b.f.s.DefaultListableBeanFactory     : Creating shared instance of singleton bean 'org.springframework.context.annotation.internalAutowiredAnnotationProcessor'
2020-04-20 17:54:46.722 DEBUG 24034 --- [    Test worker] o.s.b.f.s.DefaultListableBeanFactory     : Creating shared instance of singleton bean 'org.springframework.context.annotation.internalCommonAnnotationProcessor'
2020-04-20 17:54:46.725 DEBUG 24034 --- [    Test worker] o.s.b.f.s.DefaultListableBeanFactory     : Creating shared instance of singleton bean 'org.springframework.boot.context.properties.ConfigurationPropertiesBindingPostProcessor'
2020-04-20 17:54:46.726 DEBUG 24034 --- [    Test worker] o.s.b.f.s.DefaultListableBeanFactory     : Creating shared instance of singleton bean 'org.springframework.boot.context.internalConfigurationPropertiesBinder'
2020-04-20 17:54:46.726 DEBUG 24034 --- [    Test worker] o.s.b.f.s.DefaultListableBeanFactory     : Creating shared instance of singleton bean 'org.springframework.boot.context.internalConfigurationPropertiesBinderFactory'
2020-04-20 17:54:46.728 DEBUG 24034 --- [    Test worker] o.s.b.f.s.DefaultListableBeanFactory     : Creating shared instance of singleton bean 'methodValidationPostProcessor'
2020-04-20 17:54:46.741 DEBUG 24034 --- [    Test worker] o.s.b.f.s.DefaultListableBeanFactory     : Autowiring by type from bean name 'methodValidationPostProcessor' via factory method to bean named 'environment'
2020-04-20 17:54:46.759 DEBUG 24034 --- [    Test worker] o.s.b.f.s.DefaultListableBeanFactory     : Creating shared instance of singleton bean 'objectMapperConfigurer'
2020-04-20 17:54:46.763 DEBUG 24034 --- [    Test worker] o.s.b.f.s.DefaultListableBeanFactory     : Creating shared instance of singleton bean 'webServerFactoryCustomizerBeanPostProcessor'
2020-04-20 17:54:46.766 DEBUG 24034 --- [    Test worker] o.s.b.f.s.DefaultListableBeanFactory     : Creating shared instance of singleton bean 'errorPageRegistrarBeanPostProcessor'
2020-04-20 17:54:46.770 DEBUG 24034 --- [    Test worker] o.s.b.f.s.DefaultListableBeanFactory     : Creating shared instance of singleton bean 'meterRegistryPostProcessor'
2020-04-20 17:54:46.773 DEBUG 24034 --- [    Test worker] o.s.b.f.s.DefaultListableBeanFactory     : Autowiring by type from bean name 'meterRegistryPostProcessor' via factory method to bean named 'org.springframework.web.context.support.GenericWebApplicationContext@32d8dce9'
2020-04-20 17:54:46.779 DEBUG 24034 --- [    Test worker] o.s.u.c.s.UiApplicationContextUtils      : Unable to locate ThemeSource with name 'themeSource': using default [org.springframework.ui.context.support.ResourceBundleThemeSource@236dddd7]
2020-04-20 17:54:46.782 DEBUG 24034 --- [    Test worker] o.s.b.f.s.DefaultListableBeanFactory     : Creating shared instance of singleton bean 'coderunnerApplication'
2020-04-20 17:54:46.788 DEBUG 24034 --- [    Test worker] o.s.b.f.s.DefaultListableBeanFactory     : Creating shared instance of singleton bean 'amazonClientConfig'
2020-04-20 17:54:46.794 DEBUG 24034 --- [    Test worker] o.s.b.f.s.DefaultListableBeanFactory     : Creating shared instance of singleton bean 'hackerEarthConfig'
2020-04-20 17:54:46.802 DEBUG 24034 --- [    Test worker] o.s.b.f.s.DefaultListableBeanFactory     : Creating shared instance of singleton bean 'webClientConfig'
2020-04-20 17:54:46.807 DEBUG 24034 --- [    Test worker] o.s.b.f.s.DefaultListableBeanFactory     : Creating shared instance of singleton bean 'codeController'
2020-04-20 17:54:46.816 DEBUG 24034 --- [    Test worker] o.s.b.f.s.DefaultListableBeanFactory     : Creating shared instance of singleton bean 'codeService'
2020-04-20 17:54:46.819 DEBUG 24034 --- [    Test worker] o.s.b.f.s.DefaultListableBeanFactory     : Creating shared instance of singleton bean 'chooseAction'
2020-04-20 17:54:46.822 DEBUG 24034 --- [    Test worker] o.s.b.f.s.DefaultListableBeanFactory     : Creating shared instance of singleton bean 'terminalService'
2020-04-20 17:54:46.825 DEBUG 24034 --- [    Test worker] o.s.b.f.s.DefaultListableBeanFactory     : Creating shared instance of singleton bean 'imageController'
2020-04-20 17:54:46.829 DEBUG 24034 --- [    Test worker] o.s.b.f.s.DefaultListableBeanFactory     : Creating shared instance of singleton bean 'imageService'
2020-04-20 17:54:46.832 DEBUG 24034 --- [    Test worker] o.s.b.f.s.DefaultListableBeanFactory     : Creating shared instance of singleton bean 'textractService'
2020-04-20 17:54:46.836 DEBUG 24034 --- [    Test worker] o.s.b.f.s.DefaultListableBeanFactory     : Creating shared instance of singleton bean 'getClient'
2020-04-20 17:54:46.965 DEBUG 24034 --- [    Test worker] com.amazonaws.AmazonWebServiceClient     : Internal logging successfully configured to commons logger: true
2020-04-20 17:54:47.282 DEBUG 24034 --- [    Test worker] c.a.m.CsmConfigurationProviderChain      : Unable to load configuration from com.amazonaws.monitoring.EnvironmentVariableCsmConfigurationProvider@1ebb9b5f: Unable to load Client Side Monitoring configurations from environment variables!
2020-04-20 17:54:47.284 DEBUG 24034 --- [    Test worker] c.a.m.CsmConfigurationProviderChain      : Unable to load configuration from com.amazonaws.monitoring.SystemPropertyCsmConfigurationProvider@6e629559: Unable to load Client Side Monitoring configurations from system properties variables!
2020-04-20 17:54:47.282 DEBUG 24034 --- [nnection-reaper] h.i.c.PoolingHttpClientConnectionManager : Closing connections idle longer than 60000 MILLISECONDS
2020-04-20 17:54:47.291 DEBUG 24034 --- [    Test worker] c.a.m.CsmConfigurationProviderChain      : Unable to load configuration from com.amazonaws.monitoring.ProfileCsmConfigurationProvider@30d71601: The 'default' profile does not define all the required properties!
2020-04-20 17:54:47.360  INFO 24034 --- [    Test worker] c.a.i.DefaultServiceEndpointBuilder      : {textract, ap-southeast-1} was not found in region metadata, trying to construct an endpoint using the standard pattern for this region: 'textract.ap-southeast-1.amazonaws.com'.
2020-04-20 17:54:47.372 DEBUG 24034 --- [    Test worker] o.s.b.f.s.DefaultListableBeanFactory     : Creating shared instance of singleton bean 'visionService'
2020-04-20 17:54:47.376 DEBUG 24034 --- [    Test worker] o.s.b.f.s.DefaultListableBeanFactory     : Creating shared instance of singleton bean 'cloudVisionTemplate'
2020-04-20 17:54:47.376 DEBUG 24034 --- [    Test worker] o.s.b.f.s.DefaultListableBeanFactory     : Creating shared instance of singleton bean 'org.springframework.cloud.gcp.autoconfigure.vision.CloudVisionAutoConfiguration'
2020-04-20 17:54:47.377 DEBUG 24034 --- [    Test worker] ocalVariableTableParameterNameDiscoverer : Cannot find '.class' file for class [class org.springframework.cloud.gcp.autoconfigure.vision.CloudVisionAutoConfiguration$$EnhancerBySpringCGLIB$$ac4b205b] - unable to determine constructor/method parameter names
2020-04-20 17:54:47.378 DEBUG 24034 --- [    Test worker] o.s.b.f.s.DefaultListableBeanFactory     : Creating shared instance of singleton bean 'spring.cloud.gcp.vision-org.springframework.cloud.gcp.autoconfigure.vision.CloudVisionProperties'
2020-04-20 17:54:47.398 DEBUG 24034 --- [    Test worker] o.s.b.f.s.DefaultListableBeanFactory     : Creating shared instance of singleton bean 'googleCredentials'
2020-04-20 17:54:47.398 DEBUG 24034 --- [    Test worker] o.s.b.f.s.DefaultListableBeanFactory     : Creating shared instance of singleton bean 'org.springframework.cloud.gcp.autoconfigure.core.GcpContextAutoConfiguration'
2020-04-20 17:54:47.399 DEBUG 24034 --- [    Test worker] ocalVariableTableParameterNameDiscoverer : Cannot find '.class' file for class [class org.springframework.cloud.gcp.autoconfigure.core.GcpContextAutoConfiguration$$EnhancerBySpringCGLIB$$45e648aa] - unable to determine constructor/method parameter names
2020-04-20 17:54:47.400 DEBUG 24034 --- [    Test worker] o.s.b.f.s.DefaultListableBeanFactory     : Creating shared instance of singleton bean 'spring.cloud.gcp-org.springframework.cloud.gcp.autoconfigure.core.GcpProperties'
2020-04-20 17:54:47.404 DEBUG 24034 --- [    Test worker] o.s.b.f.s.DefaultListableBeanFactory     : Autowiring by type from bean name 'org.springframework.cloud.gcp.autoconfigure.core.GcpContextAutoConfiguration' via constructor to bean named 'spring.cloud.gcp-org.springframework.cloud.gcp.autoconfigure.core.GcpProperties'
2020-04-20 17:54:47.460  INFO 24034 --- [    Test worker] o.s.c.g.core.DefaultCredentialsProvider  : Default credentials provider for service account vayunandhan@tonal-griffin-269316.iam.gserviceaccount.com
2020-04-20 17:54:47.461  INFO 24034 --- [    Test worker] o.s.c.g.core.DefaultCredentialsProvider  : Scopes in use by default credentials: [https://www.googleapis.com/auth/pubsub, https://www.googleapis.com/auth/spanner.admin, https://www.googleapis.com/auth/spanner.data, https://www.googleapis.com/auth/datastore, https://www.googleapis.com/auth/sqlservice.admin, https://www.googleapis.com/auth/devstorage.read_only, https://www.googleapis.com/auth/devstorage.read_write, https://www.googleapis.com/auth/cloudruntimeconfig, https://www.googleapis.com/auth/trace.append, https://www.googleapis.com/auth/cloud-platform, https://www.googleapis.com/auth/cloud-vision, https://www.googleapis.com/auth/bigquery]
2020-04-20 17:54:47.463 DEBUG 24034 --- [    Test worker] o.s.b.f.s.DefaultListableBeanFactory     : Autowiring by type from bean name 'org.springframework.cloud.gcp.autoconfigure.vision.CloudVisionAutoConfiguration' via constructor to bean named 'spring.cloud.gcp.vision-org.springframework.cloud.gcp.autoconfigure.vision.CloudVisionProperties'
2020-04-20 17:54:47.463 DEBUG 24034 --- [    Test worker] o.s.b.f.s.DefaultListableBeanFactory     : Autowiring by type from bean name 'org.springframework.cloud.gcp.autoconfigure.vision.CloudVisionAutoConfiguration' via constructor to bean named 'googleCredentials'
2020-04-20 17:54:47.469 DEBUG 24034 --- [    Test worker] o.s.b.f.s.DefaultListableBeanFactory     : Creating shared instance of singleton bean 'imageAnnotatorClient'
2020-04-20 17:54:47.612 DEBUG 24034 --- [    Test worker] i.g.n.s.i.n.u.i.l.InternalLoggerFactory  : Using SLF4J as the default logging framework
2020-04-20 17:54:47.616 DEBUG 24034 --- [    Test worker] i.g.n.s.i.n.u.i.PlatformDependent0       : -Dio.netty.noUnsafe: false
2020-04-20 17:54:47.616 DEBUG 24034 --- [    Test worker] i.g.n.s.i.n.u.i.PlatformDependent0       : Java version: 11
2020-04-20 17:54:47.618 DEBUG 24034 --- [    Test worker] i.g.n.s.i.n.u.i.PlatformDependent0       : sun.misc.Unsafe.theUnsafe: available
2020-04-20 17:54:47.619 DEBUG 24034 --- [    Test worker] i.g.n.s.i.n.u.i.PlatformDependent0       : sun.misc.Unsafe.copyMemory: available
2020-04-20 17:54:47.620 DEBUG 24034 --- [    Test worker] i.g.n.s.i.n.u.i.PlatformDependent0       : java.nio.Buffer.address: available
2020-04-20 17:54:47.623 DEBUG 24034 --- [    Test worker] i.g.n.s.i.n.u.i.PlatformDependent0       : direct buffer constructor: unavailable

java.lang.UnsupportedOperationException: Reflective setAccessible(true) disabled
	at io.grpc.netty.shaded.io.netty.util.internal.ReflectionUtil.trySetAccessible(ReflectionUtil.java:31)
	at io.grpc.netty.shaded.io.netty.util.internal.PlatformDependent0$4.run(PlatformDependent0.java:224)
	at java.base/java.security.AccessController.doPrivileged(Native Method)
	at io.grpc.netty.shaded.io.netty.util.internal.PlatformDependent0.<clinit>(PlatformDependent0.java:218)
	at io.grpc.netty.shaded.io.netty.util.internal.PlatformDependent.isAndroid(PlatformDependent.java:272)
	at io.grpc.netty.shaded.io.netty.util.internal.PlatformDependent.<clinit>(PlatformDependent.java:92)
	at io.grpc.netty.shaded.io.netty.util.AsciiString.<init>(AsciiString.java:222)
	at io.grpc.netty.shaded.io.netty.util.AsciiString.<init>(AsciiString.java:209)
	at io.grpc.netty.shaded.io.netty.util.AsciiString.cached(AsciiString.java:1406)
	at io.grpc.netty.shaded.io.netty.util.AsciiString.<clinit>(AsciiString.java:47)
	at io.grpc.netty.shaded.io.grpc.netty.Utils.<clinit>(Utils.java:69)
	at io.grpc.netty.shaded.io.grpc.netty.NettyChannelBuilder.<clinit>(NettyChannelBuilder.java:72)
	at io.grpc.netty.shaded.io.grpc.netty.NettyChannelProvider.builderForAddress(NettyChannelProvider.java:37)
	at io.grpc.netty.shaded.io.grpc.netty.NettyChannelProvider.builderForAddress(NettyChannelProvider.java:23)
	at io.grpc.ManagedChannelBuilder.forAddress(ManagedChannelBuilder.java:39)
	at com.google.api.gax.grpc.InstantiatingGrpcChannelProvider.createSingleChannel(InstantiatingGrpcChannelProvider.java:271)
	at com.google.api.gax.grpc.InstantiatingGrpcChannelProvider.access$1500(InstantiatingGrpcChannelProvider.java:71)
	at com.google.api.gax.grpc.InstantiatingGrpcChannelProvider$1.createSingleChannel(InstantiatingGrpcChannelProvider.java:202)
	at com.google.api.gax.grpc.ChannelPool.create(ChannelPool.java:64)
	at com.google.api.gax.grpc.InstantiatingGrpcChannelProvider.createChannel(InstantiatingGrpcChannelProvider.java:211)
	at com.google.api.gax.grpc.InstantiatingGrpcChannelProvider.getTransportChannel(InstantiatingGrpcChannelProvider.java:192)
	at com.google.api.gax.rpc.ClientContext.create(ClientContext.java:155)
	at com.google.cloud.vision.v1.stub.GrpcImageAnnotatorStub.create(GrpcImageAnnotatorStub.java:117)
	at com.google.cloud.vision.v1.stub.ImageAnnotatorStubSettings.createStub(ImageAnnotatorStubSettings.java:152)
	at com.google.cloud.vision.v1.ImageAnnotatorClient.<init>(ImageAnnotatorClient.java:136)
	at com.google.cloud.vision.v1.ImageAnnotatorClient.create(ImageAnnotatorClient.java:117)
	at org.springframework.cloud.gcp.autoconfigure.vision.CloudVisionAutoConfiguration.imageAnnotatorClient(CloudVisionAutoConfiguration.java:89)
	at org.springframework.cloud.gcp.autoconfigure.vision.CloudVisionAutoConfiguration$$EnhancerBySpringCGLIB$$ac4b205b.CGLIB$imageAnnotatorClient$0(<generated>)
	at org.springframework.cloud.gcp.autoconfigure.vision.CloudVisionAutoConfiguration$$EnhancerBySpringCGLIB$$ac4b205b$$FastClassBySpringCGLIB$$636eae95.invoke(<generated>)
	at org.springframework.cglib.proxy.MethodProxy.invokeSuper(MethodProxy.java:244)
	at org.springframework.context.annotation.ConfigurationClassEnhancer$BeanMethodInterceptor.intercept(ConfigurationClassEnhancer.java:363)
	at org.springframework.cloud.gcp.autoconfigure.vision.CloudVisionAutoConfiguration$$EnhancerBySpringCGLIB$$ac4b205b.imageAnnotatorClient(<generated>)
	at java.base/jdk.internal.reflect.NativeMethodAccessorImpl.invoke0(Native Method)
	at java.base/jdk.internal.reflect.NativeMethodAccessorImpl.invoke(NativeMethodAccessorImpl.java:62)
	at java.base/jdk.internal.reflect.DelegatingMethodAccessorImpl.invoke(DelegatingMethodAccessorImpl.java:43)
	at java.base/java.lang.reflect.Method.invoke(Method.java:566)
	at org.springframework.beans.factory.support.SimpleInstantiationStrategy.instantiate(SimpleInstantiationStrategy.java:154)
	at org.springframework.beans.factory.support.ConstructorResolver.instantiate(ConstructorResolver.java:651)
	at org.springframework.beans.factory.support.ConstructorResolver.instantiateUsingFactoryMethod(ConstructorResolver.java:484)
	at org.springframework.beans.factory.support.AbstractAutowireCapableBeanFactory.instantiateUsingFactoryMethod(AbstractAutowireCapableBeanFactory.java:1338)
	at org.springframework.beans.factory.support.AbstractAutowireCapableBeanFactory.createBeanInstance(AbstractAutowireCapableBeanFactory.java:1177)
	at org.springframework.beans.factory.support.AbstractAutowireCapableBeanFactory.doCreateBean(AbstractAutowireCapableBeanFactory.java:557)
	at org.springframework.beans.factory.support.AbstractAutowireCapableBeanFactory.createBean(AbstractAutowireCapableBeanFactory.java:517)
	at org.springframework.beans.factory.support.AbstractBeanFactory.lambda$doGetBean$0(AbstractBeanFactory.java:323)
	at org.springframework.beans.factory.support.DefaultSingletonBeanRegistry.getSingleton(DefaultSingletonBeanRegistry.java:222)
	at org.springframework.beans.factory.support.AbstractBeanFactory.doGetBean(AbstractBeanFactory.java:321)
	at org.springframework.beans.factory.support.AbstractBeanFactory.getBean(AbstractBeanFactory.java:202)
	at org.springframework.beans.factory.config.DependencyDescriptor.resolveCandidate(DependencyDescriptor.java:276)
	at org.springframework.beans.factory.support.DefaultListableBeanFactory.doResolveDependency(DefaultListableBeanFactory.java:1287)
	at org.springframework.beans.factory.support.DefaultListableBeanFactory.resolveDependency(DefaultListableBeanFactory.java:1207)
	at org.springframework.beans.factory.support.ConstructorResolver.resolveAutowiredArgument(ConstructorResolver.java:885)
	at org.springframework.beans.factory.support.ConstructorResolver.createArgumentArray(ConstructorResolver.java:789)
	at org.springframework.beans.factory.support.ConstructorResolver.instantiateUsingFactoryMethod(ConstructorResolver.java:539)
	at org.springframework.beans.factory.support.AbstractAutowireCapableBeanFactory.instantiateUsingFactoryMethod(AbstractAutowireCapableBeanFactory.java:1338)
	at org.springframework.beans.factory.support.AbstractAutowireCapableBeanFactory.createBeanInstance(AbstractAutowireCapableBeanFactory.java:1177)
	at org.springframework.beans.factory.support.AbstractAutowireCapableBeanFactory.doCreateBean(AbstractAutowireCapableBeanFactory.java:557)
	at org.springframework.beans.factory.support.AbstractAutowireCapableBeanFactory.createBean(AbstractAutowireCapableBeanFactory.java:517)
	at org.springframework.beans.factory.support.AbstractBeanFactory.lambda$doGetBean$0(AbstractBeanFactory.java:323)
	at org.springframework.beans.factory.support.DefaultSingletonBeanRegistry.getSingleton(DefaultSingletonBeanRegistry.java:222)
	at org.springframework.beans.factory.support.AbstractBeanFactory.doGetBean(AbstractBeanFactory.java:321)
	at org.springframework.beans.factory.support.AbstractBeanFactory.getBean(AbstractBeanFactory.java:202)
	at org.springframework.beans.factory.config.DependencyDescriptor.resolveCandidate(DependencyDescriptor.java:276)
	at org.springframework.beans.factory.support.DefaultListableBeanFactory.doResolveDependency(DefaultListableBeanFactory.java:1287)
	at org.springframework.beans.factory.support.DefaultListableBeanFactory.resolveDependency(DefaultListableBeanFactory.java:1207)
	at org.springframework.beans.factory.annotation.AutowiredAnnotationBeanPostProcessor$AutowiredFieldElement.inject(AutowiredAnnotationBeanPostProcessor.java:640)
	at org.springframework.beans.factory.annotation.InjectionMetadata.inject(InjectionMetadata.java:116)
	at org.springframework.beans.factory.annotation.AutowiredAnnotationBeanPostProcessor.postProcessProperties(AutowiredAnnotationBeanPostProcessor.java:399)
	at org.springframework.beans.factory.support.AbstractAutowireCapableBeanFactory.populateBean(AbstractAutowireCapableBeanFactory.java:1422)
	at org.springframework.beans.factory.support.AbstractAutowireCapableBeanFactory.doCreateBean(AbstractAutowireCapableBeanFactory.java:594)
	at org.springframework.beans.factory.support.AbstractAutowireCapableBeanFactory.createBean(AbstractAutowireCapableBeanFactory.java:517)
	at org.springframework.beans.factory.support.AbstractBeanFactory.lambda$doGetBean$0(AbstractBeanFactory.java:323)
	at org.springframework.beans.factory.support.DefaultSingletonBeanRegistry.getSingleton(DefaultSingletonBeanRegistry.java:222)
	at org.springframework.beans.factory.support.AbstractBeanFactory.doGetBean(AbstractBeanFactory.java:321)
	at org.springframework.beans.factory.support.AbstractBeanFactory.getBean(AbstractBeanFactory.java:202)
	at org.springframework.beans.factory.config.DependencyDescriptor.resolveCandidate(DependencyDescriptor.java:276)
	at org.springframework.beans.factory.support.DefaultListableBeanFactory.doResolveDependency(DefaultListableBeanFactory.java:1287)
	at org.springframework.beans.factory.support.DefaultListableBeanFactory.resolveDependency(DefaultListableBeanFactory.java:1207)
	at org.springframework.beans.factory.annotation.AutowiredAnnotationBeanPostProcessor$AutowiredFieldElement.inject(AutowiredAnnotationBeanPostProcessor.java:640)
	at org.springframework.beans.factory.annotation.InjectionMetadata.inject(InjectionMetadata.java:116)
	at org.springframework.beans.factory.annotation.AutowiredAnnotationBeanPostProcessor.postProcessProperties(AutowiredAnnotationBeanPostProcessor.java:399)
	at org.springframework.beans.factory.support.AbstractAutowireCapableBeanFactory.populateBean(AbstractAutowireCapableBeanFactory.java:1422)
	at org.springframework.beans.factory.support.AbstractAutowireCapableBeanFactory.doCreateBean(AbstractAutowireCapableBeanFactory.java:594)
	at org.springframework.beans.factory.support.AbstractAutowireCapableBeanFactory.createBean(AbstractAutowireCapableBeanFactory.java:517)
	at org.springframework.beans.factory.support.AbstractBeanFactory.lambda$doGetBean$0(AbstractBeanFactory.java:323)
	at org.springframework.beans.factory.support.DefaultSingletonBeanRegistry.getSingleton(DefaultSingletonBeanRegistry.java:222)
	at org.springframework.beans.factory.support.AbstractBeanFactory.doGetBean(AbstractBeanFactory.java:321)
	at org.springframework.beans.factory.support.AbstractBeanFactory.getBean(AbstractBeanFactory.java:202)
	at org.springframework.beans.factory.config.DependencyDescriptor.resolveCandidate(DependencyDescriptor.java:276)
	at org.springframework.beans.factory.support.DefaultListableBeanFactory.doResolveDependency(DefaultListableBeanFactory.java:1287)
	at org.springframework.beans.factory.support.DefaultListableBeanFactory.resolveDependency(DefaultListableBeanFactory.java:1207)
	at org.springframework.beans.factory.annotation.AutowiredAnnotationBeanPostProcessor$AutowiredFieldElement.inject(AutowiredAnnotationBeanPostProcessor.java:640)
	at org.springframework.beans.factory.annotation.InjectionMetadata.inject(InjectionMetadata.java:116)
	at org.springframework.beans.factory.annotation.AutowiredAnnotationBeanPostProcessor.postProcessProperties(AutowiredAnnotationBeanPostProcessor.java:399)
	at org.springframework.beans.factory.support.AbstractAutowireCapableBeanFactory.populateBean(AbstractAutowireCapableBeanFactory.java:1422)
	at org.springframework.beans.factory.support.AbstractAutowireCapableBeanFactory.doCreateBean(AbstractAutowireCapableBeanFactory.java:594)
	at org.springframework.beans.factory.support.AbstractAutowireCapableBeanFactory.createBean(AbstractAutowireCapableBeanFactory.java:517)
	at org.springframework.beans.factory.support.AbstractBeanFactory.lambda$doGetBean$0(AbstractBeanFactory.java:323)
	at org.springframework.beans.factory.support.DefaultSingletonBeanRegistry.getSingleton(DefaultSingletonBeanRegistry.java:222)
	at org.springframework.beans.factory.support.AbstractBeanFactory.doGetBean(AbstractBeanFactory.java:321)
	at org.springframework.beans.factory.support.AbstractBeanFactory.getBean(AbstractBeanFactory.java:202)
	at org.springframework.beans.factory.support.DefaultListableBeanFactory.preInstantiateSingletons(DefaultListableBeanFactory.java:879)
	at org.springframework.context.support.AbstractApplicationContext.finishBeanFactoryInitialization(AbstractApplicationContext.java:878)
	at org.springframework.context.support.AbstractApplicationContext.refresh(AbstractApplicationContext.java:550)
	at org.springframework.boot.SpringApplication.refresh(SpringApplication.java:747)
	at org.springframework.boot.SpringApplication.refreshContext(SpringApplication.java:397)
	at org.springframework.boot.SpringApplication.run(SpringApplication.java:315)
	at org.springframework.boot.test.context.SpringBootContextLoader.loadContext(SpringBootContextLoader.java:125)
	at org.springframework.test.context.cache.DefaultCacheAwareContextLoaderDelegate.loadContextInternal(DefaultCacheAwareContextLoaderDelegate.java:99)
[...]
2020-04-20 17:54:51.182 DEBUG 24034 --- [    Test worker] org.springframework.test.context.cache   : Spring test ApplicationContext cache statistics: [DefaultContextCache@25b6ac90 size = 1, maxSize = 32, parentContextCount = 0, hitCount = 4, missCount = 1]
2020-04-20 17:54:51.562 DEBUG 24034 --- [    Test worker] c.DefaultCacheAwareContextLoaderDelegate : Retrieved ApplicationContext [853073129] from cache with key [[WebMergedContextConfiguration@bf5bbcf testClass = CoderunnerApplicationTests, locations = '{}', classes = '{class com.cvr.it.coderunner.CoderunnerApplication}', contextInitializerClasses = '[]', activeProfiles = '{}', propertySourceLocations = '{}', propertySourceProperties = '{org.springframework.boot.test.context.SpringBootTestContextBootstrapper=true}', contextCustomizers = set[org.springframework.boot.test.autoconfigure.properties.PropertyMappingContextCustomizer@0, org.springframework.boot.test.autoconfigure.web.servlet.WebDriverContextCustomizerFactory$Customizer@21d8a50c, org.springframework.boot.test.context.filter.ExcludeFilterContextCustomizer@17b525ab, org.springframework.boot.test.json.DuplicateJsonObjectContextCustomizerFactory$DuplicateJsonObjectContextCustomizer@6674aceb, org.springframework.boot.test.mock.mockito.MockitoContextCustomizer@0, org.springframework.boot.test.web.client.TestRestTemplateContextCustomizer@5fef38df, org.springframework.boot.test.web.reactive.server.WebTestClientContextCustomizer@68ebffcb], resourceBasePath = 'src/main/webapp', contextLoader = 'org.springframework.boot.test.context.SpringBootContextLoader', parent = [null]]]
2020-04-20 17:54:51.562 DEBUG 24034 --- [    Test worker] org.springframework.test.context.cache   : Spring test ApplicationContext cache statistics: [DefaultContextCache@25b6ac90 size = 1, maxSize = 32, parentContextCount = 0, hitCount = 5, missCount = 1]
2020-04-20 17:54:51.572 DEBUG 24034 --- [    Test worker] c.DefaultCacheAwareContextLoaderDelegate : Retrieved ApplicationContext [853073129] from cache with key [[WebMergedContextConfiguration@bf5bbcf testClass = CoderunnerApplicationTests, locations = '{}', classes = '{class com.cvr.it.coderunner.CoderunnerApplication}', contextInitializerClasses = '[]', activeProfiles = '{}', propertySourceLocations = '{}', propertySourceProperties = '{org.springframework.boot.test.context.SpringBootTestContextBootstrapper=true}', contextCustomizers = set[org.springframework.boot.test.autoconfigure.properties.PropertyMappingContextCustomizer@0, org.springframework.boot.test.autoconfigure.web.servlet.WebDriverContextCustomizerFactory$Customizer@21d8a50c, org.springframework.boot.test.context.filter.ExcludeFilterContextCustomizer@17b525ab, org.springframework.boot.test.json.DuplicateJsonObjectContextCustomizerFactory$DuplicateJsonObjectContextCustomizer@6674aceb, org.springframework.boot.test.mock.mockito.MockitoContextCustomizer@0, org.springframework.boot.test.web.client.TestRestTemplateContextCustomizer@5fef38df, org.springframework.boot.test.web.reactive.server.WebTestClientContextCustomizer@68ebffcb], resourceBasePath = 'src/main/webapp', contextLoader = 'org.springframework.boot.test.context.SpringBootContextLoader', parent = [null]]]
2020-04-20 17:54:51.573 DEBUG 24034 --- [    Test worker] org.springframework.test.context.cache   : Spring test ApplicationContext cache statistics: [DefaultContextCache@25b6ac90 size = 1, maxSize = 32, parentContextCount = 0, hitCount = 6, missCount = 1]
2020-04-20 17:54:51.574 DEBUG 24034 --- [    Test worker] c.DefaultCacheAwareContextLoaderDelegate : Retrieved ApplicationContext [853073129] from cache with key [[WebMergedContextConfiguration@bf5bbcf testClass = CoderunnerApplicationTests, locations = '{}', classes = '{class com.cvr.it.coderunner.CoderunnerApplication}', contextInitializerClasses = '[]', activeProfiles = '{}', propertySourceLocations = '{}', propertySourceProperties = '{org.springframework.boot.test.context.SpringBootTestContextBootstrapper=true}', contextCustomizers = set[org.springframework.boot.test.autoconfigure.properties.PropertyMappingContextCustomizer@0, org.springframework.boot.test.autoconfigure.web.servlet.WebDriverContextCustomizerFactory$Customizer@21d8a50c, org.springframework.boot.test.context.filter.ExcludeFilterContextCustomizer@17b525ab, org.springframework.boot.test.json.DuplicateJsonObjectContextCustomizerFactory$DuplicateJsonObjectContextCustomizer@6674aceb, org.springframework.boot.test.mock.mockito.MockitoContextCustomizer@0, org.springframework.boot.test.web.client.TestRestTemplateContextCustomizer@5fef38df, org.springframework.boot.test.web.reactive.server.WebTestClientContextCustomizer@68ebffcb], resourceBasePath = 'src/main/webapp', contextLoader = 'org.springframework.boot.test.context.SpringBootContextLoader', parent = [null]]]
2020-04-20 17:54:51.574 DEBUG 24034 --- [    Test worker] org.springframework.test.context.cache   : Spring test ApplicationContext cache statistics: [DefaultContextCache@25b6ac90 size = 1, maxSize = 32, parentContextCount = 0, hitCount = 7, missCount = 1]
2020-04-20 17:54:51.575 DEBUG 24034 --- [    Test worker] c.DefaultCacheAwareContextLoaderDelegate : Retrieved ApplicationContext [853073129] from cache with key [[WebMergedContextConfiguration@bf5bbcf testClass = CoderunnerApplicationTests, locations = '{}', classes = '{class com.cvr.it.coderunner.CoderunnerApplication}', contextInitializerClasses = '[]', activeProfiles = '{}', propertySourceLocations = '{}', propertySourceProperties = '{org.springframework.boot.test.context.SpringBootTestContextBootstrapper=true}', contextCustomizers = set[org.springframework.boot.test.autoconfigure.properties.PropertyMappingContextCustomizer@0, org.springframework.boot.test.autoconfigure.web.servlet.WebDriverContextCustomizerFactory$Customizer@21d8a50c, org.springframework.boot.test.context.filter.ExcludeFilterContextCustomizer@17b525ab, org.springframework.boot.test.json.DuplicateJsonObjectContextCustomizerFactory$DuplicateJsonObjectContextCustomizer@6674aceb, org.springframework.boot.test.mock.mockito.MockitoContextCustomizer@0, org.springframework.boot.test.web.client.TestRestTemplateContextCustomizer@5fef38df, org.springframework.boot.test.web.reactive.server.WebTestClientContextCustomizer@68ebffcb], resourceBasePath = 'src/main/webapp', contextLoader = 'org.springframework.boot.test.context.SpringBootContextLoader', parent = [null]]]
2020-04-20 17:54:51.575 DEBUG 24034 --- [    Test worker] org.springframework.test.context.cache   : Spring test ApplicationContext cache statistics: [DefaultContextCache@25b6ac90 size = 1, maxSize = 32, parentContextCount = 0, hitCount = 8, missCount = 1]
2020-04-20 17:54:51.575 DEBUG 24034 --- [    Test worker] c.DefaultCacheAwareContextLoaderDelegate : Retrieved ApplicationContext [853073129] from cache with key [[WebMergedContextConfiguration@bf5bbcf testClass = CoderunnerApplicationTests, locations = '{}', classes = '{class com.cvr.it.coderunner.CoderunnerApplication}', contextInitializerClasses = '[]', activeProfiles = '{}', propertySourceLocations = '{}', propertySourceProperties = '{org.springframework.boot.test.context.SpringBootTestContextBootstrapper=true}', contextCustomizers = set[org.springframework.boot.test.autoconfigure.properties.PropertyMappingContextCustomizer@0, org.springframework.boot.test.autoconfigure.web.servlet.WebDriverContextCustomizerFactory$Customizer@21d8a50c, org.springframework.boot.test.context.filter.ExcludeFilterContextCustomizer@17b525ab, org.springframework.boot.test.json.DuplicateJsonObjectContextCustomizerFactory$DuplicateJsonObjectContextCustomizer@6674aceb, org.springframework.boot.test.mock.mockito.MockitoContextCustomizer@0, org.springframework.boot.test.web.client.TestRestTemplateContextCustomizer@5fef38df, org.springframework.boot.test.web.reactive.server.WebTestClientContextCustomizer@68ebffcb], resourceBasePath = 'src/main/webapp', contextLoader = 'org.springframework.boot.test.context.SpringBootContextLoader', parent = [null]]]
2020-04-20 17:54:51.575 DEBUG 24034 --- [    Test worker] org.springframework.test.context.cache   : Spring test ApplicationContext cache statistics: [DefaultContextCache@25b6ac90 size = 1, maxSize = 32, parentContextCount = 0, hitCount = 9, missCount = 1]
2020-04-20 17:54:51.577 DEBUG 24034 --- [    Test worker] c.DefaultCacheAwareContextLoaderDelegate : Retrieved ApplicationContext [853073129] from cache with key [[WebMergedContextConfiguration@bf5bbcf testClass = CoderunnerApplicationTests, locations = '{}', classes = '{class com.cvr.it.coderunner.CoderunnerApplication}', contextInitializerClasses = '[]', activeProfiles = '{}', propertySourceLocations = '{}', propertySourceProperties = '{org.springframework.boot.test.context.SpringBootTestContextBootstrapper=true}', contextCustomizers = set[org.springframework.boot.test.autoconfigure.properties.PropertyMappingContextCustomizer@0, org.springframework.boot.test.autoconfigure.web.servlet.WebDriverContextCustomizerFactory$Customizer@21d8a50c, org.springframework.boot.test.context.filter.ExcludeFilterContextCustomizer@17b525ab, org.springframework.boot.test.json.DuplicateJsonObjectContextCustomizerFactory$DuplicateJsonObjectContextCustomizer@6674aceb, org.springframework.boot.test.mock.mockito.MockitoContextCustomizer@0, org.springframework.boot.test.web.client.TestRestTemplateContextCustomizer@5fef38df, org.springframework.boot.test.web.reactive.server.WebTestClientContextCustomizer@68ebffcb], resourceBasePath = 'src/main/webapp', contextLoader = 'org.springframework.boot.test.context.SpringBootContextLoader', parent = [null]]]
2020-04-20 17:54:51.577 DEBUG 24034 --- [    Test worker] org.springframework.test.context.cache   : Spring test ApplicationContext cache statistics: [DefaultContextCache@25b6ac90 size = 1, maxSize = 32, parentContextCount = 0, hitCount = 10, missCount = 1]
2020-04-20 17:54:51.579 DEBUG 24034 --- [    Test worker] c.DefaultCacheAwareContextLoaderDelegate : Retrieved ApplicationContext [853073129] from cache with key [[WebMergedContextConfiguration@bf5bbcf testClass = CoderunnerApplicationTests, locations = '{}', classes = '{class com.cvr.it.coderunner.CoderunnerApplication}', contextInitializerClasses = '[]', activeProfiles = '{}', propertySourceLocations = '{}', propertySourceProperties = '{org.springframework.boot.test.context.SpringBootTestContextBootstrapper=true}', contextCustomizers = set[org.springframework.boot.test.autoconfigure.properties.PropertyMappingContextCustomizer@0, org.springframework.boot.test.autoconfigure.web.servlet.WebDriverContextCustomizerFactory$Customizer@21d8a50c, org.springframework.boot.test.context.filter.ExcludeFilterContextCustomizer@17b525ab, org.springframework.boot.test.json.DuplicateJsonObjectContextCustomizerFactory$DuplicateJsonObjectContextCustomizer@6674aceb, org.springframework.boot.test.mock.mockito.MockitoContextCustomizer@0, org.springframework.boot.test.web.client.TestRestTemplateContextCustomizer@5fef38df, org.springframework.boot.test.web.reactive.server.WebTestClientContextCustomizer@68ebffcb], resourceBasePath = 'src/main/webapp', contextLoader = 'org.springframework.boot.test.context.SpringBootContextLoader', parent = [null]]]
2020-04-20 17:54:51.579 DEBUG 24034 --- [    Test worker] org.springframework.test.context.cache   : Spring test ApplicationContext cache statistics: [DefaultContextCache@25b6ac90 size = 1, maxSize = 32, parentContextCount = 0, hitCount = 11, missCount = 1]
2020-04-20 17:54:51.580 DEBUG 24034 --- [    Test worker] tractDirtiesContextTestExecutionListener : After test method: context [DefaultTestContext@21b0cd54 testClass = CoderunnerApplicationTests, testInstance = com.cvr.it.coderunner.CoderunnerApplicationTests@6bd9bb46, testMethod = contextLoads@CoderunnerApplicationTests, testException = [null], mergedContextConfiguration = [WebMergedContextConfiguration@bf5bbcf testClass = CoderunnerApplicationTests, locations = '{}', classes = '{class com.cvr.it.coderunner.CoderunnerApplication}', contextInitializerClasses = '[]', activeProfiles = '{}', propertySourceLocations = '{}', propertySourceProperties = '{org.springframework.boot.test.context.SpringBootTestContextBootstrapper=true}', contextCustomizers = set[org.springframework.boot.test.autoconfigure.properties.PropertyMappingContextCustomizer@0, org.springframework.boot.test.autoconfigure.web.servlet.WebDriverContextCustomizerFactory$Customizer@21d8a50c, org.springframework.boot.test.context.filter.ExcludeFilterContextCustomizer@17b525ab, org.springframework.boot.test.json.DuplicateJsonObjectContextCustomizerFactory$DuplicateJsonObjectContextCustomizer@6674aceb, org.springframework.boot.test.mock.mockito.MockitoContextCustomizer@0, org.springframework.boot.test.web.client.TestRestTemplateContextCustomizer@5fef38df, org.springframework.boot.test.web.reactive.server.WebTestClientContextCustomizer@68ebffcb], resourceBasePath = 'src/main/webapp', contextLoader = 'org.springframework.boot.test.context.SpringBootContextLoader', parent = [null]], attributes = map['org.springframework.test.context.web.ServletTestExecutionListener.activateListener' -> true, 'org.springframework.test.context.web.ServletTestExecutionListener.populatedRequestContextHolder' -> true, 'org.springframework.test.context.web.ServletTestExecutionListener.resetRequestContextHolder' -> true]], class annotated with @DirtiesContext [false] with mode [null], method annotated with @DirtiesContext [false] with mode [null].
2020-04-20 17:54:51.580 DEBUG 24034 --- [    Test worker] o.s.t.c.w.ServletTestExecutionListener   : Resetting RequestContextHolder for test context [DefaultTestContext@21b0cd54 testClass = CoderunnerApplicationTests, testInstance = com.cvr.it.coderunner.CoderunnerApplicationTests@6bd9bb46, testMethod = contextLoads@CoderunnerApplicationTests, testException = [null], mergedContextConfiguration = [WebMergedContextConfiguration@bf5bbcf testClass = CoderunnerApplicationTests, locations = '{}', classes = '{class com.cvr.it.coderunner.CoderunnerApplication}', contextInitializerClasses = '[]', activeProfiles = '{}', propertySourceLocations = '{}', propertySourceProperties = '{org.springframework.boot.test.context.SpringBootTestContextBootstrapper=true}', contextCustomizers = set[org.springframework.boot.test.autoconfigure.properties.PropertyMappingContextCustomizer@0, org.springframework.boot.test.autoconfigure.web.servlet.WebDriverContextCustomizerFactory$Customizer@21d8a50c, org.springframework.boot.test.context.filter.ExcludeFilterContextCustomizer@17b525ab, org.springframework.boot.test.json.DuplicateJsonObjectContextCustomizerFactory$DuplicateJsonObjectContextCustomizer@6674aceb, org.springframework.boot.test.mock.mockito.MockitoContextCustomizer@0, org.springframework.boot.test.web.client.TestRestTemplateContextCustomizer@5fef38df, org.springframework.boot.test.web.reactive.server.WebTestClientContextCustomizer@68ebffcb], resourceBasePath = 'src/main/webapp', contextLoader = 'org.springframework.boot.test.context.SpringBootContextLoader', parent = [null]], attributes = map['org.springframework.test.context.web.ServletTestExecutionListener.activateListener' -> true, 'org.springframework.test.context.web.ServletTestExecutionListener.populatedRequestContextHolder' -> true, 'org.springframework.test.context.web.ServletTestExecutionListener.resetRequestContextHolder' -> true]].
2020-04-20 17:54:51.586 DEBUG 24034 --- [    Test worker] c.DefaultCacheAwareContextLoaderDelegate : Retrieved ApplicationContext [853073129] from cache with key [[WebMergedContextConfiguration@bf5bbcf testClass = CoderunnerApplicationTests, locations = '{}', classes = '{class com.cvr.it.coderunner.CoderunnerApplication}', contextInitializerClasses = '[]', activeProfiles = '{}', propertySourceLocations = '{}', propertySourceProperties = '{org.springframework.boot.test.context.SpringBootTestContextBootstrapper=true}', contextCustomizers = set[org.springframework.boot.test.autoconfigure.properties.PropertyMappingContextCustomizer@0, org.springframework.boot.test.autoconfigure.web.servlet.WebDriverContextCustomizerFactory$Customizer@21d8a50c, org.springframework.boot.test.context.filter.ExcludeFilterContextCustomizer@17b525ab, org.springframework.boot.test.json.DuplicateJsonObjectContextCustomizerFactory$DuplicateJsonObjectContextCustomizer@6674aceb, org.springframework.boot.test.mock.mockito.MockitoContextCustomizer@0, org.springframework.boot.test.web.client.TestRestTemplateContextCustomizer@5fef38df, org.springframework.boot.test.web.reactive.server.WebTestClientContextCustomizer@68ebffcb], resourceBasePath = 'src/main/webapp', contextLoader = 'org.springframework.boot.test.context.SpringBootContextLoader', parent = [null]]]
2020-04-20 17:54:51.586 DEBUG 24034 --- [    Test worker] org.springframework.test.context.cache   : Spring test ApplicationContext cache statistics: [DefaultContextCache@25b6ac90 size = 1, maxSize = 32, parentContextCount = 0, hitCount = 12, missCount = 1]
2020-04-20 17:54:51.586 DEBUG 24034 --- [    Test worker] tractDirtiesContextTestExecutionListener : After test class: context [DefaultTestContext@21b0cd54 testClass = CoderunnerApplicationTests, testInstance = [null], testMethod = [null], testException = [null], mergedContextConfiguration = [WebMergedContextConfiguration@bf5bbcf testClass = CoderunnerApplicationTests, locations = '{}', classes = '{class com.cvr.it.coderunner.CoderunnerApplication}', contextInitializerClasses = '[]', activeProfiles = '{}', propertySourceLocations = '{}', propertySourceProperties = '{org.springframework.boot.test.context.SpringBootTestContextBootstrapper=true}', contextCustomizers = set[org.springframework.boot.test.autoconfigure.properties.PropertyMappingContextCustomizer@0, org.springframework.boot.test.autoconfigure.web.servlet.WebDriverContextCustomizerFactory$Customizer@21d8a50c, org.springframework.boot.test.context.filter.ExcludeFilterContextCustomizer@17b525ab, org.springframework.boot.test.json.DuplicateJsonObjectContextCustomizerFactory$DuplicateJsonObjectContextCustomizer@6674aceb, org.springframework.boot.test.mock.mockito.MockitoContextCustomizer@0, org.springframework.boot.test.web.client.TestRestTemplateContextCustomizer@5fef38df, org.springframework.boot.test.web.reactive.server.WebTestClientContextCustomizer@68ebffcb], resourceBasePath = 'src/main/webapp', contextLoader = 'org.springframework.boot.test.context.SpringBootContextLoader', parent = [null]], attributes = map['org.springframework.test.context.web.ServletTestExecutionListener.activateListener' -> true, 'org.springframework.test.context.support.DependencyInjectionTestExecutionListener.reinjectDependencies' -> true]], class annotated with @DirtiesContext [false] with mode [null].
]]></system-out>
  <system-err><![CDATA[]]></system-err>
</testsuite>
